{"C:\\Users\\Yeimy_Gabriela\\Desktop\\Pruebas\\servidor\\src\\app.js": {"path":"C:\\Users\\Yeimy_Gabriela\\Desktop\\Pruebas\\servidor\\src\\app.js","statementMap":{"0":{"start":{"line":3,"column":12},"end":{"line":3,"column":21}},"1":{"start":{"line":4,"column":0},"end":{"line":4,"column":13}},"2":{"start":{"line":5,"column":0},"end":{"line":5,"column":21}},"3":{"start":{"line":6,"column":0},"end":{"line":6,"column":16}},"4":{"start":{"line":7,"column":0},"end":{"line":7,"column":16}},"5":{"start":{"line":8,"column":0},"end":{"line":8,"column":12}},"6":{"start":{"line":9,"column":0},"end":{"line":9,"column":16}},"7":{"start":{"line":31,"column":0},"end":{"line":31,"column":15}},"8":{"start":{"line":32,"column":0},"end":{"line":32,"column":32}},"9":{"start":{"line":33,"column":0},"end":{"line":33,"column":35}},"10":{"start":{"line":34,"column":0},"end":{"line":34,"column":23}},"11":{"start":{"line":35,"column":0},"end":{"line":35,"column":33}},"12":{"start":{"line":36,"column":0},"end":{"line":36,"column":36}},"13":{"start":{"line":37,"column":0},"end":{"line":37,"column":32}},"14":{"start":{"line":38,"column":0},"end":{"line":38,"column":33}},"15":{"start":{"line":39,"column":0},"end":{"line":39,"column":44}},"16":{"start":{"line":40,"column":0},"end":{"line":40,"column":33}},"17":{"start":{"line":41,"column":0},"end":{"line":41,"column":35}},"18":{"start":{"line":42,"column":0},"end":{"line":42,"column":41}},"19":{"start":{"line":43,"column":0},"end":{"line":43,"column":37}},"20":{"start":{"line":44,"column":0},"end":{"line":44,"column":40}},"21":{"start":{"line":45,"column":0},"end":{"line":45,"column":42}},"22":{"start":{"line":46,"column":0},"end":{"line":46,"column":35}},"23":{"start":{"line":47,"column":0},"end":{"line":47,"column":41}},"24":{"start":{"line":48,"column":0},"end":{"line":48,"column":46}},"25":{"start":{"line":49,"column":0},"end":{"line":49,"column":33}},"26":{"start":{"line":50,"column":0},"end":{"line":50,"column":41}},"27":{"start":{"line":51,"column":0},"end":{"line":51,"column":42}},"28":{"start":{"line":53,"column":0},"end":{"line":53,"column":60}},"29":{"start":{"line":54,"column":0},"end":{"line":54,"column":22}},"30":{"start":{"line":55,"column":0},"end":{"line":55,"column":35}},"31":{"start":{"line":56,"column":0},"end":{"line":56,"column":32}}},"fnMap":{},"branchMap":{},"s":{"0":1,"1":1,"2":1,"3":1,"4":1,"5":1,"6":1,"7":1,"8":1,"9":1,"10":1,"11":1,"12":1,"13":1,"14":1,"15":1,"16":1,"17":1,"18":1,"19":1,"20":1,"21":1,"22":1,"23":1,"24":1,"25":1,"26":1,"27":1,"28":1,"29":1,"30":1,"31":1},"f":{},"b":{},"_coverageSchema":"1a1c01bbd47fc00a2c39e90264f33305004495a9","hash":"655cb5e05fe2a29005650c362e11adc6bc83eafe"}
,"C:\\Users\\Yeimy_Gabriela\\Desktop\\Pruebas\\servidor\\src\\config\\config.js": {"path":"C:\\Users\\Yeimy_Gabriela\\Desktop\\Pruebas\\servidor\\src\\config\\config.js","statementMap":{"0":{"start":{"line":2,"column":0},"end":{"line":2,"column":15}},"1":{"start":{"line":4,"column":20},"end":{"line":4,"column":46}},"2":{"start":{"line":5,"column":23},"end":{"line":5,"column":57}},"3":{"start":{"line":6,"column":23},"end":{"line":6,"column":52}},"4":{"start":{"line":7,"column":23},"end":{"line":7,"column":48}},"5":{"start":{"line":8,"column":27},"end":{"line":8,"column":63}},"6":{"start":{"line":9,"column":27},"end":{"line":9,"column":66}}},"fnMap":{},"branchMap":{"0":{"loc":{"start":{"line":4,"column":20},"end":{"line":4,"column":46}},"type":"binary-expr","locations":[{"start":{"line":4,"column":20},"end":{"line":4,"column":36}},{"start":{"line":4,"column":40},"end":{"line":4,"column":46}}],"line":4},"1":{"loc":{"start":{"line":5,"column":23},"end":{"line":5,"column":57}},"type":"binary-expr","locations":[{"start":{"line":5,"column":23},"end":{"line":5,"column":42}},{"start":{"line":5,"column":46},"end":{"line":5,"column":57}}],"line":5},"2":{"loc":{"start":{"line":6,"column":23},"end":{"line":6,"column":52}},"type":"binary-expr","locations":[{"start":{"line":6,"column":23},"end":{"line":6,"column":42}},{"start":{"line":6,"column":46},"end":{"line":6,"column":52}}],"line":6},"3":{"loc":{"start":{"line":7,"column":23},"end":{"line":7,"column":48}},"type":"binary-expr","locations":[{"start":{"line":7,"column":23},"end":{"line":7,"column":42}},{"start":{"line":7,"column":46},"end":{"line":7,"column":48}}],"line":7},"4":{"loc":{"start":{"line":8,"column":27},"end":{"line":8,"column":63}},"type":"binary-expr","locations":[{"start":{"line":8,"column":27},"end":{"line":8,"column":50}},{"start":{"line":8,"column":54},"end":{"line":8,"column":63}}],"line":8},"5":{"loc":{"start":{"line":9,"column":27},"end":{"line":9,"column":66}},"type":"binary-expr","locations":[{"start":{"line":9,"column":27},"end":{"line":9,"column":50}},{"start":{"line":9,"column":54},"end":{"line":9,"column":66}}],"line":9}},"s":{"0":1,"1":1,"2":1,"3":1,"4":1,"5":1,"6":1},"f":{},"b":{"0":[1,0],"1":[1,0],"2":[1,0],"3":[1,0],"4":[1,0],"5":[1,0]},"_coverageSchema":"1a1c01bbd47fc00a2c39e90264f33305004495a9","hash":"4b2ad488bd4b574aa850c6c934439df9450f147f"}
,"C:\\Users\\Yeimy_Gabriela\\Desktop\\Pruebas\\servidor\\src\\config\\db.js": {"path":"C:\\Users\\Yeimy_Gabriela\\Desktop\\Pruebas\\servidor\\src\\config\\db.js","statementMap":{"0":{"start":{"line":5,"column":19},"end":{"line":12,"column":4}}},"fnMap":{},"branchMap":{},"s":{"0":1},"f":{},"b":{},"_coverageSchema":"1a1c01bbd47fc00a2c39e90264f33305004495a9","hash":"c99dae1fad6fa9c0a5096aa854e5d675de307c54"}
,"C:\\Users\\Yeimy_Gabriela\\Desktop\\Pruebas\\servidor\\src\\controllers\\activo.controller.js": {"path":"C:\\Users\\Yeimy_Gabriela\\Desktop\\Pruebas\\servidor\\src\\controllers\\activo.controller.js","statementMap":{"0":{"start":{"line":20,"column":27},"end":{"line":65,"column":1}},"1":{"start":{"line":22,"column":18},"end":{"line":22,"column":39}},"2":{"start":{"line":23,"column":2},"end":{"line":25,"column":3}},"3":{"start":{"line":24,"column":4},"end":{"line":24,"column":61}},"4":{"start":{"line":26,"column":145},"end":{"line":26,"column":153}},"5":{"start":{"line":27,"column":2},"end":{"line":64,"column":3}},"6":{"start":{"line":28,"column":21},"end":{"line":28,"column":92}},"7":{"start":{"line":29,"column":4},"end":{"line":29,"column":81}},"8":{"start":{"line":29,"column":19},"end":{"line":29,"column":81}},"9":{"start":{"line":31,"column":21},"end":{"line":31,"column":92}},"10":{"start":{"line":32,"column":4},"end":{"line":32,"column":81}},"11":{"start":{"line":32,"column":19},"end":{"line":32,"column":81}},"12":{"start":{"line":34,"column":18},"end":{"line":34,"column":90}},"13":{"start":{"line":35,"column":4},"end":{"line":35,"column":84}},"14":{"start":{"line":35,"column":16},"end":{"line":35,"column":84}},"15":{"start":{"line":37,"column":22},"end":{"line":37,"column":88}},"16":{"start":{"line":38,"column":4},"end":{"line":38,"column":83}},"17":{"start":{"line":38,"column":20},"end":{"line":38,"column":83}},"18":{"start":{"line":40,"column":22},"end":{"line":50,"column":5}},"19":{"start":{"line":51,"column":25},"end":{"line":51,"column":55}},"20":{"start":{"line":53,"column":4},"end":{"line":60,"column":6}},"21":{"start":{"line":62,"column":4},"end":{"line":62,"column":31}},"22":{"start":{"line":63,"column":4},"end":{"line":63,"column":41}},"23":{"start":{"line":67,"column":30},"end":{"line":95,"column":1}},"24":{"start":{"line":68,"column":2},"end":{"line":94,"column":3}},"25":{"start":{"line":69,"column":20},"end":{"line":89,"column":6}},"26":{"start":{"line":90,"column":4},"end":{"line":90,"column":33}},"27":{"start":{"line":92,"column":4},"end":{"line":92,"column":22}},"28":{"start":{"line":93,"column":4},"end":{"line":93,"column":41}},"29":{"start":{"line":97,"column":34},"end":{"line":124,"column":1}},"30":{"start":{"line":98,"column":2},"end":{"line":123,"column":3}},"31":{"start":{"line":99,"column":19},"end":{"line":118,"column":6}},"32":{"start":{"line":119,"column":4},"end":{"line":119,"column":32}},"33":{"start":{"line":121,"column":4},"end":{"line":121,"column":31}},"34":{"start":{"line":122,"column":4},"end":{"line":122,"column":41}},"35":{"start":{"line":126,"column":38},"end":{"line":190,"column":1}},"36":{"start":{"line":127,"column":2},"end":{"line":189,"column":3}},"37":{"start":{"line":128,"column":17},"end":{"line":175,"column":6}},"38":{"start":{"line":176,"column":4},"end":{"line":183,"column":5}},"39":{"start":{"line":177,"column":25},"end":{"line":177,"column":29}},"40":{"start":{"line":178,"column":6},"end":{"line":181,"column":7}},"41":{"start":{"line":179,"column":24},"end":{"line":179,"column":76}},"42":{"start":{"line":180,"column":8},"end":{"line":180,"column":64}},"43":{"start":{"line":182,"column":6},"end":{"line":182,"column":52}},"44":{"start":{"line":185,"column":4},"end":{"line":185,"column":32}},"45":{"start":{"line":187,"column":4},"end":{"line":187,"column":31}},"46":{"start":{"line":188,"column":4},"end":{"line":188,"column":41}},"47":{"start":{"line":192,"column":37},"end":{"line":225,"column":1}},"48":{"start":{"line":194,"column":63},"end":{"line":194,"column":71}},"49":{"start":{"line":195,"column":2},"end":{"line":224,"column":3}},"50":{"start":{"line":197,"column":17},"end":{"line":197,"column":59}},"51":{"start":{"line":198,"column":21},"end":{"line":198,"column":26}},"52":{"start":{"line":200,"column":4},"end":{"line":202,"column":5}},"53":{"start":{"line":201,"column":6},"end":{"line":201,"column":66}},"54":{"start":{"line":203,"column":4},"end":{"line":206,"column":5}},"55":{"start":{"line":204,"column":6},"end":{"line":204,"column":42}},"56":{"start":{"line":205,"column":6},"end":{"line":205,"column":23}},"57":{"start":{"line":207,"column":4},"end":{"line":210,"column":5}},"58":{"start":{"line":208,"column":6},"end":{"line":208,"column":42}},"59":{"start":{"line":209,"column":6},"end":{"line":209,"column":23}},"60":{"start":{"line":211,"column":4},"end":{"line":214,"column":5}},"61":{"start":{"line":212,"column":6},"end":{"line":212,"column":52}},"62":{"start":{"line":213,"column":6},"end":{"line":213,"column":23}},"63":{"start":{"line":216,"column":4},"end":{"line":220,"column":5}},"64":{"start":{"line":217,"column":6},"end":{"line":217,"column":45}},"65":{"start":{"line":219,"column":6},"end":{"line":219,"column":32}},"66":{"start":{"line":221,"column":4},"end":{"line":221,"column":43}},"67":{"start":{"line":223,"column":4},"end":{"line":223,"column":48}},"68":{"start":{"line":227,"column":31},"end":{"line":241,"column":1}},"69":{"start":{"line":228,"column":2},"end":{"line":240,"column":3}},"70":{"start":{"line":229,"column":17},"end":{"line":229,"column":59}},"71":{"start":{"line":231,"column":4},"end":{"line":233,"column":5}},"72":{"start":{"line":232,"column":6},"end":{"line":232,"column":66}},"73":{"start":{"line":234,"column":4},"end":{"line":234,"column":23}},"74":{"start":{"line":235,"column":23},"end":{"line":235,"column":42}},"75":{"start":{"line":236,"column":4},"end":{"line":236,"column":36}},"76":{"start":{"line":238,"column":4},"end":{"line":238,"column":22}},"77":{"start":{"line":239,"column":4},"end":{"line":239,"column":48}},"78":{"start":{"line":243,"column":43},"end":{"line":263,"column":1}},"79":{"start":{"line":245,"column":2},"end":{"line":262,"column":3}},"80":{"start":{"line":247,"column":17},"end":{"line":247,"column":59}},"81":{"start":{"line":248,"column":4},"end":{"line":250,"column":5}},"82":{"start":{"line":249,"column":6},"end":{"line":249,"column":65}},"83":{"start":{"line":252,"column":4},"end":{"line":254,"column":5}},"84":{"start":{"line":253,"column":6},"end":{"line":253,"column":54}},"85":{"start":{"line":255,"column":4},"end":{"line":255,"column":25}},"86":{"start":{"line":256,"column":4},"end":{"line":256,"column":37}},"87":{"start":{"line":257,"column":19},"end":{"line":257,"column":38}},"88":{"start":{"line":258,"column":4},"end":{"line":258,"column":32}},"89":{"start":{"line":260,"column":4},"end":{"line":260,"column":36}},"90":{"start":{"line":261,"column":4},"end":{"line":261,"column":57}},"91":{"start":{"line":265,"column":29},"end":{"line":299,"column":1}},"92":{"start":{"line":266,"column":18},"end":{"line":266,"column":39}},"93":{"start":{"line":267,"column":2},"end":{"line":269,"column":3}},"94":{"start":{"line":268,"column":4},"end":{"line":268,"column":61}},"95":{"start":{"line":270,"column":36},"end":{"line":270,"column":44}},"96":{"start":{"line":271,"column":2},"end":{"line":298,"column":3}},"97":{"start":{"line":273,"column":17},"end":{"line":273,"column":49}},"98":{"start":{"line":274,"column":4},"end":{"line":276,"column":5}},"99":{"start":{"line":275,"column":6},"end":{"line":275,"column":66}},"100":{"start":{"line":277,"column":19},"end":{"line":277,"column":54}},"101":{"start":{"line":278,"column":4},"end":{"line":280,"column":5}},"102":{"start":{"line":279,"column":6},"end":{"line":279,"column":68}},"103":{"start":{"line":281,"column":17},"end":{"line":281,"column":27}},"104":{"start":{"line":283,"column":4},"end":{"line":283,"column":37}},"105":{"start":{"line":284,"column":4},"end":{"line":284,"column":43}},"106":{"start":{"line":286,"column":27},"end":{"line":286,"column":59}},"107":{"start":{"line":287,"column":19},"end":{"line":287,"column":89}},"108":{"start":{"line":289,"column":4},"end":{"line":294,"column":5}},"109":{"start":{"line":296,"column":4},"end":{"line":296,"column":33}},"110":{"start":{"line":297,"column":4},"end":{"line":297,"column":48}},"111":{"start":{"line":301,"column":32},"end":{"line":320,"column":1}},"112":{"start":{"line":302,"column":2},"end":{"line":319,"column":3}},"113":{"start":{"line":303,"column":20},"end":{"line":310,"column":6}},"114":{"start":{"line":311,"column":27},"end":{"line":314,"column":7}},"115":{"start":{"line":312,"column":21},"end":{"line":312,"column":98}},"116":{"start":{"line":313,"column":6},"end":{"line":313,"column":43}},"117":{"start":{"line":315,"column":4},"end":{"line":315,"column":40}},"118":{"start":{"line":317,"column":4},"end":{"line":317,"column":22}},"119":{"start":{"line":318,"column":4},"end":{"line":318,"column":41}},"120":{"start":{"line":321,"column":34},"end":{"line":336,"column":1}},"121":{"start":{"line":322,"column":2},"end":{"line":335,"column":3}},"122":{"start":{"line":323,"column":20},"end":{"line":330,"column":6}},"123":{"start":{"line":331,"column":4},"end":{"line":331,"column":33}},"124":{"start":{"line":333,"column":4},"end":{"line":333,"column":35}},"125":{"start":{"line":334,"column":4},"end":{"line":334,"column":41}},"126":{"start":{"line":338,"column":33},"end":{"line":356,"column":1}},"127":{"start":{"line":339,"column":24},"end":{"line":339,"column":32}},"128":{"start":{"line":340,"column":2},"end":{"line":355,"column":3}},"129":{"start":{"line":342,"column":17},"end":{"line":342,"column":49}},"130":{"start":{"line":343,"column":4},"end":{"line":345,"column":5}},"131":{"start":{"line":344,"column":6},"end":{"line":344,"column":66}},"132":{"start":{"line":347,"column":4},"end":{"line":347,"column":37}},"133":{"start":{"line":348,"column":4},"end":{"line":348,"column":28}},"134":{"start":{"line":350,"column":27},"end":{"line":350,"column":46}},"135":{"start":{"line":352,"column":4},"end":{"line":352,"column":40}},"136":{"start":{"line":354,"column":4},"end":{"line":354,"column":48}},"137":{"start":{"line":358,"column":31},"end":{"line":391,"column":1}},"138":{"start":{"line":359,"column":18},"end":{"line":359,"column":39}},"139":{"start":{"line":360,"column":2},"end":{"line":362,"column":3}},"140":{"start":{"line":361,"column":4},"end":{"line":361,"column":61}},"141":{"start":{"line":363,"column":37},"end":{"line":363,"column":45}},"142":{"start":{"line":364,"column":2},"end":{"line":390,"column":3}},"143":{"start":{"line":366,"column":17},"end":{"line":366,"column":49}},"144":{"start":{"line":367,"column":4},"end":{"line":369,"column":5}},"145":{"start":{"line":368,"column":6},"end":{"line":368,"column":66}},"146":{"start":{"line":370,"column":19},"end":{"line":370,"column":55}},"147":{"start":{"line":371,"column":4},"end":{"line":373,"column":5}},"148":{"start":{"line":372,"column":6},"end":{"line":372,"column":68}},"149":{"start":{"line":374,"column":17},"end":{"line":374,"column":27}},"150":{"start":{"line":376,"column":4},"end":{"line":376,"column":37}},"151":{"start":{"line":377,"column":4},"end":{"line":377,"column":45}},"152":{"start":{"line":379,"column":29},"end":{"line":379,"column":48}},"153":{"start":{"line":381,"column":4},"end":{"line":386,"column":5}},"154":{"start":{"line":388,"column":4},"end":{"line":388,"column":33}},"155":{"start":{"line":389,"column":4},"end":{"line":389,"column":48}},"156":{"start":{"line":393,"column":27},"end":{"line":418,"column":1}},"157":{"start":{"line":394,"column":2},"end":{"line":417,"column":3}},"158":{"start":{"line":395,"column":20},"end":{"line":403,"column":6}},"159":{"start":{"line":404,"column":25},"end":{"line":410,"column":6}},"160":{"start":{"line":405,"column":6},"end":{"line":409,"column":7}},"161":{"start":{"line":411,"column":16},"end":{"line":411,"column":60}},"162":{"start":{"line":412,"column":4},"end":{"line":412,"column":39}},"163":{"start":{"line":413,"column":4},"end":{"line":413,"column":29}},"164":{"start":{"line":415,"column":4},"end":{"line":415,"column":22}},"165":{"start":{"line":416,"column":4},"end":{"line":416,"column":41}},"166":{"start":{"line":420,"column":39},"end":{"line":465,"column":1}},"167":{"start":{"line":421,"column":24},"end":{"line":421,"column":32}},"168":{"start":{"line":422,"column":2},"end":{"line":464,"column":3}},"169":{"start":{"line":423,"column":20},"end":{"line":439,"column":6}},"170":{"start":{"line":441,"column":26},"end":{"line":456,"column":6}},"171":{"start":{"line":442,"column":27},"end":{"line":450,"column":10}},"172":{"start":{"line":451,"column":6},"end":{"line":455,"column":7}},"173":{"start":{"line":457,"column":16},"end":{"line":457,"column":67}},"174":{"start":{"line":458,"column":4},"end":{"line":458,"column":39}},"175":{"start":{"line":459,"column":4},"end":{"line":459,"column":29}},"176":{"start":{"line":462,"column":4},"end":{"line":462,"column":22}},"177":{"start":{"line":463,"column":4},"end":{"line":463,"column":41}},"178":{"start":{"line":467,"column":36},"end":{"line":519,"column":1}},"179":{"start":{"line":469,"column":24},"end":{"line":469,"column":32}},"180":{"start":{"line":470,"column":2},"end":{"line":518,"column":3}},"181":{"start":{"line":471,"column":19},"end":{"line":495,"column":6}},"182":{"start":{"line":496,"column":20},"end":{"line":496,"column":109}},"183":{"start":{"line":497,"column":18},"end":{"line":497,"column":117}},"184":{"start":{"line":498,"column":22},"end":{"line":498,"column":96}},"185":{"start":{"line":499,"column":29},"end":{"line":499,"column":109}},"186":{"start":{"line":500,"column":24},"end":{"line":511,"column":5}},"187":{"start":{"line":512,"column":16},"end":{"line":512,"column":61}},"188":{"start":{"line":513,"column":4},"end":{"line":513,"column":39}},"189":{"start":{"line":514,"column":4},"end":{"line":514,"column":29}},"190":{"start":{"line":516,"column":4},"end":{"line":516,"column":22}},"191":{"start":{"line":517,"column":4},"end":{"line":517,"column":41}},"192":{"start":{"line":521,"column":30},"end":{"line":533,"column":1}},"193":{"start":{"line":522,"column":2},"end":{"line":532,"column":3}},"194":{"start":{"line":523,"column":20},"end":{"line":525,"column":6}},"195":{"start":{"line":526,"column":16},"end":{"line":526,"column":60}},"196":{"start":{"line":527,"column":4},"end":{"line":527,"column":39}},"197":{"start":{"line":528,"column":4},"end":{"line":528,"column":29}},"198":{"start":{"line":530,"column":4},"end":{"line":530,"column":22}},"199":{"start":{"line":531,"column":4},"end":{"line":531,"column":41}},"200":{"start":{"line":535,"column":34},"end":{"line":584,"column":1}},"201":{"start":{"line":536,"column":2},"end":{"line":583,"column":3}},"202":{"start":{"line":537,"column":19},"end":{"line":537,"column":99}},"203":{"start":{"line":539,"column":20},"end":{"line":575,"column":6}},"204":{"start":{"line":576,"column":27},"end":{"line":578,"column":7}},"205":{"start":{"line":577,"column":6},"end":{"line":577,"column":43}},"206":{"start":{"line":579,"column":4},"end":{"line":579,"column":40}},"207":{"start":{"line":581,"column":4},"end":{"line":581,"column":22}},"208":{"start":{"line":582,"column":4},"end":{"line":582,"column":41}},"209":{"start":{"line":586,"column":31},"end":{"line":636,"column":1}},"210":{"start":{"line":587,"column":2},"end":{"line":635,"column":3}},"211":{"start":{"line":588,"column":26},"end":{"line":588,"column":109}},"212":{"start":{"line":590,"column":20},"end":{"line":626,"column":6}},"213":{"start":{"line":627,"column":27},"end":{"line":630,"column":7}},"214":{"start":{"line":628,"column":21},"end":{"line":628,"column":98}},"215":{"start":{"line":629,"column":6},"end":{"line":629,"column":61}},"216":{"start":{"line":631,"column":4},"end":{"line":631,"column":40}},"217":{"start":{"line":633,"column":4},"end":{"line":633,"column":22}},"218":{"start":{"line":634,"column":4},"end":{"line":634,"column":41}},"219":{"start":{"line":638,"column":33},"end":{"line":688,"column":1}},"220":{"start":{"line":639,"column":2},"end":{"line":687,"column":3}},"221":{"start":{"line":640,"column":20},"end":{"line":640,"column":105}},"222":{"start":{"line":642,"column":20},"end":{"line":678,"column":6}},"223":{"start":{"line":679,"column":27},"end":{"line":682,"column":7}},"224":{"start":{"line":680,"column":21},"end":{"line":680,"column":98}},"225":{"start":{"line":681,"column":6},"end":{"line":681,"column":55}},"226":{"start":{"line":683,"column":4},"end":{"line":683,"column":40}},"227":{"start":{"line":685,"column":4},"end":{"line":685,"column":22}},"228":{"start":{"line":686,"column":4},"end":{"line":686,"column":41}}},"fnMap":{"0":{"name":"(anonymous_0)","decl":{"start":{"line":20,"column":27},"end":{"line":20,"column":28}},"loc":{"start":{"line":20,"column":47},"end":{"line":65,"column":1}},"line":20},"1":{"name":"(anonymous_1)","decl":{"start":{"line":67,"column":30},"end":{"line":67,"column":31}},"loc":{"start":{"line":67,"column":51},"end":{"line":95,"column":1}},"line":67},"2":{"name":"(anonymous_2)","decl":{"start":{"line":97,"column":34},"end":{"line":97,"column":35}},"loc":{"start":{"line":97,"column":54},"end":{"line":124,"column":1}},"line":97},"3":{"name":"(anonymous_3)","decl":{"start":{"line":126,"column":38},"end":{"line":126,"column":39}},"loc":{"start":{"line":126,"column":58},"end":{"line":190,"column":1}},"line":126},"4":{"name":"(anonymous_4)","decl":{"start":{"line":192,"column":37},"end":{"line":192,"column":38}},"loc":{"start":{"line":192,"column":57},"end":{"line":225,"column":1}},"line":192},"5":{"name":"(anonymous_5)","decl":{"start":{"line":227,"column":31},"end":{"line":227,"column":32}},"loc":{"start":{"line":227,"column":51},"end":{"line":241,"column":1}},"line":227},"6":{"name":"(anonymous_6)","decl":{"start":{"line":243,"column":43},"end":{"line":243,"column":44}},"loc":{"start":{"line":243,"column":63},"end":{"line":263,"column":1}},"line":243},"7":{"name":"(anonymous_7)","decl":{"start":{"line":265,"column":29},"end":{"line":265,"column":30}},"loc":{"start":{"line":265,"column":49},"end":{"line":299,"column":1}},"line":265},"8":{"name":"(anonymous_8)","decl":{"start":{"line":301,"column":32},"end":{"line":301,"column":33}},"loc":{"start":{"line":301,"column":52},"end":{"line":320,"column":1}},"line":301},"9":{"name":"(anonymous_9)","decl":{"start":{"line":311,"column":57},"end":{"line":311,"column":58}},"loc":{"start":{"line":311,"column":73},"end":{"line":314,"column":5}},"line":311},"10":{"name":"(anonymous_10)","decl":{"start":{"line":321,"column":34},"end":{"line":321,"column":35}},"loc":{"start":{"line":321,"column":54},"end":{"line":336,"column":1}},"line":321},"11":{"name":"(anonymous_11)","decl":{"start":{"line":338,"column":33},"end":{"line":338,"column":34}},"loc":{"start":{"line":338,"column":53},"end":{"line":356,"column":1}},"line":338},"12":{"name":"(anonymous_12)","decl":{"start":{"line":358,"column":31},"end":{"line":358,"column":32}},"loc":{"start":{"line":358,"column":51},"end":{"line":391,"column":1}},"line":358},"13":{"name":"(anonymous_13)","decl":{"start":{"line":393,"column":27},"end":{"line":393,"column":28}},"loc":{"start":{"line":393,"column":48},"end":{"line":418,"column":1}},"line":393},"14":{"name":"(anonymous_14)","decl":{"start":{"line":404,"column":37},"end":{"line":404,"column":38}},"loc":{"start":{"line":404,"column":47},"end":{"line":410,"column":5}},"line":404},"15":{"name":"(anonymous_15)","decl":{"start":{"line":420,"column":39},"end":{"line":420,"column":40}},"loc":{"start":{"line":420,"column":59},"end":{"line":465,"column":1}},"line":420},"16":{"name":"(anonymous_16)","decl":{"start":{"line":441,"column":38},"end":{"line":441,"column":39}},"loc":{"start":{"line":441,"column":48},"end":{"line":456,"column":5}},"line":441},"17":{"name":"(anonymous_17)","decl":{"start":{"line":467,"column":36},"end":{"line":467,"column":37}},"loc":{"start":{"line":467,"column":56},"end":{"line":519,"column":1}},"line":467},"18":{"name":"(anonymous_18)","decl":{"start":{"line":521,"column":30},"end":{"line":521,"column":31}},"loc":{"start":{"line":521,"column":51},"end":{"line":533,"column":1}},"line":521},"19":{"name":"(anonymous_19)","decl":{"start":{"line":535,"column":34},"end":{"line":535,"column":35}},"loc":{"start":{"line":535,"column":54},"end":{"line":584,"column":1}},"line":535},"20":{"name":"(anonymous_20)","decl":{"start":{"line":576,"column":57},"end":{"line":576,"column":58}},"loc":{"start":{"line":576,"column":73},"end":{"line":578,"column":5}},"line":576},"21":{"name":"(anonymous_21)","decl":{"start":{"line":586,"column":31},"end":{"line":586,"column":32}},"loc":{"start":{"line":586,"column":51},"end":{"line":636,"column":1}},"line":586},"22":{"name":"(anonymous_22)","decl":{"start":{"line":627,"column":57},"end":{"line":627,"column":58}},"loc":{"start":{"line":627,"column":73},"end":{"line":630,"column":5}},"line":627},"23":{"name":"(anonymous_23)","decl":{"start":{"line":638,"column":33},"end":{"line":638,"column":34}},"loc":{"start":{"line":638,"column":53},"end":{"line":688,"column":1}},"line":638},"24":{"name":"(anonymous_24)","decl":{"start":{"line":679,"column":57},"end":{"line":679,"column":58}},"loc":{"start":{"line":679,"column":73},"end":{"line":682,"column":5}},"line":679}},"branchMap":{"0":{"loc":{"start":{"line":23,"column":2},"end":{"line":25,"column":3}},"type":"if","locations":[{"start":{"line":23,"column":2},"end":{"line":25,"column":3}},{"start":{},"end":{}}],"line":23},"1":{"loc":{"start":{"line":29,"column":4},"end":{"line":29,"column":81}},"type":"if","locations":[{"start":{"line":29,"column":4},"end":{"line":29,"column":81}},{"start":{},"end":{}}],"line":29},"2":{"loc":{"start":{"line":32,"column":4},"end":{"line":32,"column":81}},"type":"if","locations":[{"start":{"line":32,"column":4},"end":{"line":32,"column":81}},{"start":{},"end":{}}],"line":32},"3":{"loc":{"start":{"line":35,"column":4},"end":{"line":35,"column":84}},"type":"if","locations":[{"start":{"line":35,"column":4},"end":{"line":35,"column":84}},{"start":{},"end":{}}],"line":35},"4":{"loc":{"start":{"line":38,"column":4},"end":{"line":38,"column":83}},"type":"if","locations":[{"start":{"line":38,"column":4},"end":{"line":38,"column":83}},{"start":{},"end":{}}],"line":38},"5":{"loc":{"start":{"line":176,"column":4},"end":{"line":183,"column":5}},"type":"if","locations":[{"start":{"line":176,"column":4},"end":{"line":183,"column":5}},{"start":{},"end":{}}],"line":176},"6":{"loc":{"start":{"line":178,"column":6},"end":{"line":181,"column":7}},"type":"if","locations":[{"start":{"line":178,"column":6},"end":{"line":181,"column":7}},{"start":{},"end":{}}],"line":178},"7":{"loc":{"start":{"line":200,"column":4},"end":{"line":202,"column":5}},"type":"if","locations":[{"start":{"line":200,"column":4},"end":{"line":202,"column":5}},{"start":{},"end":{}}],"line":200},"8":{"loc":{"start":{"line":203,"column":4},"end":{"line":206,"column":5}},"type":"if","locations":[{"start":{"line":203,"column":4},"end":{"line":206,"column":5}},{"start":{},"end":{}}],"line":203},"9":{"loc":{"start":{"line":203,"column":8},"end":{"line":203,"column":63}},"type":"binary-expr","locations":[{"start":{"line":203,"column":8},"end":{"line":203,"column":21}},{"start":{"line":203,"column":25},"end":{"line":203,"column":63}}],"line":203},"10":{"loc":{"start":{"line":207,"column":4},"end":{"line":210,"column":5}},"type":"if","locations":[{"start":{"line":207,"column":4},"end":{"line":210,"column":5}},{"start":{},"end":{}}],"line":207},"11":{"loc":{"start":{"line":207,"column":8},"end":{"line":207,"column":63}},"type":"binary-expr","locations":[{"start":{"line":207,"column":8},"end":{"line":207,"column":21}},{"start":{"line":207,"column":25},"end":{"line":207,"column":63}}],"line":207},"12":{"loc":{"start":{"line":211,"column":4},"end":{"line":214,"column":5}},"type":"if","locations":[{"start":{"line":211,"column":4},"end":{"line":214,"column":5}},{"start":{},"end":{}}],"line":211},"13":{"loc":{"start":{"line":211,"column":8},"end":{"line":211,"column":78}},"type":"binary-expr","locations":[{"start":{"line":211,"column":8},"end":{"line":211,"column":26}},{"start":{"line":211,"column":30},"end":{"line":211,"column":78}}],"line":211},"14":{"loc":{"start":{"line":216,"column":4},"end":{"line":220,"column":5}},"type":"if","locations":[{"start":{"line":216,"column":4},"end":{"line":220,"column":5}},{"start":{"line":218,"column":11},"end":{"line":220,"column":5}}],"line":216},"15":{"loc":{"start":{"line":231,"column":4},"end":{"line":233,"column":5}},"type":"if","locations":[{"start":{"line":231,"column":4},"end":{"line":233,"column":5}},{"start":{},"end":{}}],"line":231},"16":{"loc":{"start":{"line":248,"column":4},"end":{"line":250,"column":5}},"type":"if","locations":[{"start":{"line":248,"column":4},"end":{"line":250,"column":5}},{"start":{},"end":{}}],"line":248},"17":{"loc":{"start":{"line":252,"column":4},"end":{"line":254,"column":5}},"type":"if","locations":[{"start":{"line":252,"column":4},"end":{"line":254,"column":5}},{"start":{},"end":{}}],"line":252},"18":{"loc":{"start":{"line":267,"column":2},"end":{"line":269,"column":3}},"type":"if","locations":[{"start":{"line":267,"column":2},"end":{"line":269,"column":3}},{"start":{},"end":{}}],"line":267},"19":{"loc":{"start":{"line":274,"column":4},"end":{"line":276,"column":5}},"type":"if","locations":[{"start":{"line":274,"column":4},"end":{"line":276,"column":5}},{"start":{},"end":{}}],"line":274},"20":{"loc":{"start":{"line":278,"column":4},"end":{"line":280,"column":5}},"type":"if","locations":[{"start":{"line":278,"column":4},"end":{"line":280,"column":5}},{"start":{},"end":{}}],"line":278},"21":{"loc":{"start":{"line":343,"column":4},"end":{"line":345,"column":5}},"type":"if","locations":[{"start":{"line":343,"column":4},"end":{"line":345,"column":5}},{"start":{},"end":{}}],"line":343},"22":{"loc":{"start":{"line":360,"column":2},"end":{"line":362,"column":3}},"type":"if","locations":[{"start":{"line":360,"column":2},"end":{"line":362,"column":3}},{"start":{},"end":{}}],"line":360},"23":{"loc":{"start":{"line":367,"column":4},"end":{"line":369,"column":5}},"type":"if","locations":[{"start":{"line":367,"column":4},"end":{"line":369,"column":5}},{"start":{},"end":{}}],"line":367},"24":{"loc":{"start":{"line":371,"column":4},"end":{"line":373,"column":5}},"type":"if","locations":[{"start":{"line":371,"column":4},"end":{"line":373,"column":5}},{"start":{},"end":{}}],"line":371}},"s":{"0":1,"1":0,"2":0,"3":0,"4":0,"5":0,"6":0,"7":0,"8":0,"9":0,"10":0,"11":0,"12":0,"13":0,"14":0,"15":0,"16":0,"17":0,"18":0,"19":0,"20":0,"21":0,"22":0,"23":1,"24":0,"25":0,"26":0,"27":0,"28":0,"29":1,"30":0,"31":0,"32":0,"33":0,"34":0,"35":1,"36":0,"37":0,"38":0,"39":0,"40":0,"41":0,"42":0,"43":0,"44":0,"45":0,"46":0,"47":1,"48":0,"49":0,"50":0,"51":0,"52":0,"53":0,"54":0,"55":0,"56":0,"57":0,"58":0,"59":0,"60":0,"61":0,"62":0,"63":0,"64":0,"65":0,"66":0,"67":0,"68":1,"69":0,"70":0,"71":0,"72":0,"73":0,"74":0,"75":0,"76":0,"77":0,"78":1,"79":0,"80":0,"81":0,"82":0,"83":0,"84":0,"85":0,"86":0,"87":0,"88":0,"89":0,"90":0,"91":1,"92":0,"93":0,"94":0,"95":0,"96":0,"97":0,"98":0,"99":0,"100":0,"101":0,"102":0,"103":0,"104":0,"105":0,"106":0,"107":0,"108":0,"109":0,"110":0,"111":1,"112":0,"113":0,"114":0,"115":0,"116":0,"117":0,"118":0,"119":0,"120":1,"121":0,"122":0,"123":0,"124":0,"125":0,"126":1,"127":0,"128":0,"129":0,"130":0,"131":0,"132":0,"133":0,"134":0,"135":0,"136":0,"137":1,"138":0,"139":0,"140":0,"141":0,"142":0,"143":0,"144":0,"145":0,"146":0,"147":0,"148":0,"149":0,"150":0,"151":0,"152":0,"153":0,"154":0,"155":0,"156":1,"157":0,"158":0,"159":0,"160":0,"161":0,"162":0,"163":0,"164":0,"165":0,"166":1,"167":0,"168":0,"169":0,"170":0,"171":0,"172":0,"173":0,"174":0,"175":0,"176":0,"177":0,"178":1,"179":0,"180":0,"181":0,"182":0,"183":0,"184":0,"185":0,"186":0,"187":0,"188":0,"189":0,"190":0,"191":0,"192":1,"193":0,"194":0,"195":0,"196":0,"197":0,"198":0,"199":0,"200":1,"201":0,"202":0,"203":0,"204":0,"205":0,"206":0,"207":0,"208":0,"209":1,"210":0,"211":0,"212":0,"213":0,"214":0,"215":0,"216":0,"217":0,"218":0,"219":1,"220":0,"221":0,"222":0,"223":0,"224":0,"225":0,"226":0,"227":0,"228":0},"f":{"0":0,"1":0,"2":0,"3":0,"4":0,"5":0,"6":0,"7":0,"8":0,"9":0,"10":0,"11":0,"12":0,"13":0,"14":0,"15":0,"16":0,"17":0,"18":0,"19":0,"20":0,"21":0,"22":0,"23":0,"24":0},"b":{"0":[0,0],"1":[0,0],"2":[0,0],"3":[0,0],"4":[0,0],"5":[0,0],"6":[0,0],"7":[0,0],"8":[0,0],"9":[0,0],"10":[0,0],"11":[0,0],"12":[0,0],"13":[0,0],"14":[0,0],"15":[0,0],"16":[0,0],"17":[0,0],"18":[0,0],"19":[0,0],"20":[0,0],"21":[0,0],"22":[0,0],"23":[0,0],"24":[0,0]},"_coverageSchema":"1a1c01bbd47fc00a2c39e90264f33305004495a9","hash":"9325b5b2688f0f8a8287e70d8e7f9bee87e60b40"}
,"C:\\Users\\Yeimy_Gabriela\\Desktop\\Pruebas\\servidor\\src\\controllers\\ambiente.controller.js": {"path":"C:\\Users\\Yeimy_Gabriela\\Desktop\\Pruebas\\servidor\\src\\controllers\\ambiente.controller.js","statementMap":{"0":{"start":{"line":3,"column":32},"end":{"line":10,"column":1}},"1":{"start":{"line":4,"column":2},"end":{"line":9,"column":3}},"2":{"start":{"line":5,"column":22},"end":{"line":5,"column":46}},"3":{"start":{"line":6,"column":4},"end":{"line":6,"column":35}},"4":{"start":{"line":8,"column":4},"end":{"line":8,"column":41}}},"fnMap":{"0":{"name":"(anonymous_0)","decl":{"start":{"line":3,"column":32},"end":{"line":3,"column":33}},"loc":{"start":{"line":3,"column":53},"end":{"line":10,"column":1}},"line":3}},"branchMap":{},"s":{"0":1,"1":0,"2":0,"3":0,"4":0},"f":{"0":0},"b":{},"_coverageSchema":"1a1c01bbd47fc00a2c39e90264f33305004495a9","hash":"86a91bcc847ae514609862e26266a080009b4002"}
,"C:\\Users\\Yeimy_Gabriela\\Desktop\\Pruebas\\servidor\\src\\controllers\\area.controller.js": {"path":"C:\\Users\\Yeimy_Gabriela\\Desktop\\Pruebas\\servidor\\src\\controllers\\area.controller.js","statementMap":{"0":{"start":{"line":4,"column":25},"end":{"line":16,"column":1}},"1":{"start":{"line":6,"column":18},"end":{"line":6,"column":39}},"2":{"start":{"line":7,"column":2},"end":{"line":9,"column":3}},"3":{"start":{"line":8,"column":4},"end":{"line":8,"column":61}},"4":{"start":{"line":10,"column":2},"end":{"line":15,"column":3}},"5":{"start":{"line":11,"column":23},"end":{"line":11,"column":50}},"6":{"start":{"line":12,"column":4},"end":{"line":12,"column":36}},"7":{"start":{"line":14,"column":4},"end":{"line":14,"column":41}},"8":{"start":{"line":18,"column":28},"end":{"line":25,"column":1}},"9":{"start":{"line":19,"column":2},"end":{"line":24,"column":3}},"10":{"start":{"line":20,"column":18},"end":{"line":20,"column":64}},"11":{"start":{"line":21,"column":4},"end":{"line":21,"column":31}},"12":{"start":{"line":23,"column":4},"end":{"line":23,"column":41}},"13":{"start":{"line":27,"column":32},"end":{"line":34,"column":1}},"14":{"start":{"line":28,"column":2},"end":{"line":33,"column":3}},"15":{"start":{"line":29,"column":17},"end":{"line":29,"column":116}},"16":{"start":{"line":30,"column":4},"end":{"line":30,"column":30}},"17":{"start":{"line":32,"column":4},"end":{"line":32,"column":41}},"18":{"start":{"line":36,"column":35},"end":{"line":65,"column":1}},"19":{"start":{"line":38,"column":39},"end":{"line":38,"column":47}},"20":{"start":{"line":39,"column":2},"end":{"line":64,"column":3}},"21":{"start":{"line":41,"column":15},"end":{"line":41,"column":53}},"22":{"start":{"line":42,"column":21},"end":{"line":42,"column":26}},"23":{"start":{"line":44,"column":4},"end":{"line":46,"column":5}},"24":{"start":{"line":45,"column":6},"end":{"line":45,"column":64}},"25":{"start":{"line":47,"column":4},"end":{"line":50,"column":5}},"26":{"start":{"line":48,"column":6},"end":{"line":48,"column":36}},"27":{"start":{"line":49,"column":6},"end":{"line":49,"column":23}},"28":{"start":{"line":51,"column":4},"end":{"line":54,"column":5}},"29":{"start":{"line":52,"column":6},"end":{"line":52,"column":36}},"30":{"start":{"line":53,"column":6},"end":{"line":53,"column":23}},"31":{"start":{"line":56,"column":4},"end":{"line":60,"column":5}},"32":{"start":{"line":57,"column":6},"end":{"line":57,"column":41}},"33":{"start":{"line":59,"column":6},"end":{"line":59,"column":28}},"34":{"start":{"line":61,"column":4},"end":{"line":61,"column":41}},"35":{"start":{"line":63,"column":4},"end":{"line":63,"column":48}},"36":{"start":{"line":67,"column":29},"end":{"line":81,"column":1}},"37":{"start":{"line":68,"column":2},"end":{"line":80,"column":3}},"38":{"start":{"line":69,"column":15},"end":{"line":69,"column":53}},"39":{"start":{"line":71,"column":4},"end":{"line":73,"column":5}},"40":{"start":{"line":72,"column":6},"end":{"line":72,"column":64}},"41":{"start":{"line":74,"column":4},"end":{"line":74,"column":21}},"42":{"start":{"line":75,"column":21},"end":{"line":75,"column":38}},"43":{"start":{"line":76,"column":4},"end":{"line":76,"column":34}},"44":{"start":{"line":78,"column":4},"end":{"line":78,"column":22}},"45":{"start":{"line":79,"column":4},"end":{"line":79,"column":48}}},"fnMap":{"0":{"name":"(anonymous_0)","decl":{"start":{"line":4,"column":25},"end":{"line":4,"column":26}},"loc":{"start":{"line":4,"column":45},"end":{"line":16,"column":1}},"line":4},"1":{"name":"(anonymous_1)","decl":{"start":{"line":18,"column":28},"end":{"line":18,"column":29}},"loc":{"start":{"line":18,"column":49},"end":{"line":25,"column":1}},"line":18},"2":{"name":"(anonymous_2)","decl":{"start":{"line":27,"column":32},"end":{"line":27,"column":33}},"loc":{"start":{"line":27,"column":52},"end":{"line":34,"column":1}},"line":27},"3":{"name":"(anonymous_3)","decl":{"start":{"line":36,"column":35},"end":{"line":36,"column":36}},"loc":{"start":{"line":36,"column":55},"end":{"line":65,"column":1}},"line":36},"4":{"name":"(anonymous_4)","decl":{"start":{"line":67,"column":29},"end":{"line":67,"column":30}},"loc":{"start":{"line":67,"column":49},"end":{"line":81,"column":1}},"line":67}},"branchMap":{"0":{"loc":{"start":{"line":7,"column":2},"end":{"line":9,"column":3}},"type":"if","locations":[{"start":{"line":7,"column":2},"end":{"line":9,"column":3}},{"start":{},"end":{}}],"line":7},"1":{"loc":{"start":{"line":44,"column":4},"end":{"line":46,"column":5}},"type":"if","locations":[{"start":{"line":44,"column":4},"end":{"line":46,"column":5}},{"start":{},"end":{}}],"line":44},"2":{"loc":{"start":{"line":47,"column":4},"end":{"line":50,"column":5}},"type":"if","locations":[{"start":{"line":47,"column":4},"end":{"line":50,"column":5}},{"start":{},"end":{}}],"line":47},"3":{"loc":{"start":{"line":47,"column":8},"end":{"line":47,"column":55}},"type":"binary-expr","locations":[{"start":{"line":47,"column":8},"end":{"line":47,"column":19}},{"start":{"line":47,"column":23},"end":{"line":47,"column":55}}],"line":47},"4":{"loc":{"start":{"line":51,"column":4},"end":{"line":54,"column":5}},"type":"if","locations":[{"start":{"line":51,"column":4},"end":{"line":54,"column":5}},{"start":{},"end":{}}],"line":51},"5":{"loc":{"start":{"line":51,"column":8},"end":{"line":51,"column":55}},"type":"binary-expr","locations":[{"start":{"line":51,"column":8},"end":{"line":51,"column":19}},{"start":{"line":51,"column":23},"end":{"line":51,"column":55}}],"line":51},"6":{"loc":{"start":{"line":56,"column":4},"end":{"line":60,"column":5}},"type":"if","locations":[{"start":{"line":56,"column":4},"end":{"line":60,"column":5}},{"start":{"line":58,"column":11},"end":{"line":60,"column":5}}],"line":56},"7":{"loc":{"start":{"line":71,"column":4},"end":{"line":73,"column":5}},"type":"if","locations":[{"start":{"line":71,"column":4},"end":{"line":73,"column":5}},{"start":{},"end":{}}],"line":71}},"s":{"0":1,"1":0,"2":0,"3":0,"4":0,"5":0,"6":0,"7":0,"8":1,"9":0,"10":0,"11":0,"12":0,"13":1,"14":0,"15":0,"16":0,"17":0,"18":1,"19":0,"20":0,"21":0,"22":0,"23":0,"24":0,"25":0,"26":0,"27":0,"28":0,"29":0,"30":0,"31":0,"32":0,"33":0,"34":0,"35":0,"36":1,"37":0,"38":0,"39":0,"40":0,"41":0,"42":0,"43":0,"44":0,"45":0},"f":{"0":0,"1":0,"2":0,"3":0,"4":0},"b":{"0":[0,0],"1":[0,0],"2":[0,0],"3":[0,0],"4":[0,0],"5":[0,0],"6":[0,0],"7":[0,0]},"_coverageSchema":"1a1c01bbd47fc00a2c39e90264f33305004495a9","hash":"1fda6fecb4de38b41aab8b2fc8df23eed723cbee"}
,"C:\\Users\\Yeimy_Gabriela\\Desktop\\Pruebas\\servidor\\src\\controllers\\assets.controller.js": {"path":"C:\\Users\\Yeimy_Gabriela\\Desktop\\Pruebas\\servidor\\src\\controllers\\assets.controller.js","statementMap":{"0":{"start":{"line":3,"column":27},"end":{"line":10,"column":1}},"1":{"start":{"line":4,"column":2},"end":{"line":9,"column":3}},"2":{"start":{"line":5,"column":23},"end":{"line":5,"column":51}},"3":{"start":{"line":6,"column":4},"end":{"line":6,"column":36}},"4":{"start":{"line":8,"column":4},"end":{"line":8,"column":41}},"5":{"start":{"line":12,"column":25},"end":{"line":20,"column":1}},"6":{"start":{"line":13,"column":2},"end":{"line":19,"column":3}},"7":{"start":{"line":14,"column":19},"end":{"line":14,"column":40}},"8":{"start":{"line":16,"column":4},"end":{"line":16,"column":20}},"9":{"start":{"line":18,"column":4},"end":{"line":18,"column":41}},"10":{"start":{"line":22,"column":28},"end":{"line":29,"column":1}},"11":{"start":{"line":23,"column":2},"end":{"line":28,"column":3}},"12":{"start":{"line":24,"column":18},"end":{"line":24,"column":116}},"13":{"start":{"line":25,"column":4},"end":{"line":25,"column":19}},"14":{"start":{"line":27,"column":4},"end":{"line":27,"column":41}},"15":{"start":{"line":31,"column":31},"end":{"line":50,"column":1}},"16":{"start":{"line":33,"column":21},"end":{"line":33,"column":29}},"17":{"start":{"line":34,"column":2},"end":{"line":49,"column":3}},"18":{"start":{"line":36,"column":16},"end":{"line":36,"column":56}},"19":{"start":{"line":39,"column":4},"end":{"line":41,"column":5}},"20":{"start":{"line":40,"column":6},"end":{"line":40,"column":66}},"21":{"start":{"line":42,"column":4},"end":{"line":44,"column":5}},"22":{"start":{"line":43,"column":6},"end":{"line":43,"column":27}},"23":{"start":{"line":45,"column":25},"end":{"line":45,"column":43}},"24":{"start":{"line":46,"column":4},"end":{"line":46,"column":38}},"25":{"start":{"line":48,"column":4},"end":{"line":48,"column":48}},"26":{"start":{"line":52,"column":31},"end":{"line":67,"column":1}},"27":{"start":{"line":53,"column":2},"end":{"line":66,"column":3}},"28":{"start":{"line":54,"column":16},"end":{"line":54,"column":56}},"29":{"start":{"line":56,"column":4},"end":{"line":58,"column":5}},"30":{"start":{"line":57,"column":6},"end":{"line":57,"column":66}},"31":{"start":{"line":60,"column":4},"end":{"line":60,"column":69}},"32":{"start":{"line":61,"column":4},"end":{"line":61,"column":41}},"33":{"start":{"line":64,"column":4},"end":{"line":64,"column":22}},"34":{"start":{"line":65,"column":4},"end":{"line":65,"column":48}}},"fnMap":{"0":{"name":"(anonymous_0)","decl":{"start":{"line":3,"column":27},"end":{"line":3,"column":28}},"loc":{"start":{"line":3,"column":47},"end":{"line":10,"column":1}},"line":3},"1":{"name":"(anonymous_1)","decl":{"start":{"line":12,"column":25},"end":{"line":12,"column":26}},"loc":{"start":{"line":12,"column":45},"end":{"line":20,"column":1}},"line":12},"2":{"name":"(anonymous_2)","decl":{"start":{"line":22,"column":28},"end":{"line":22,"column":29}},"loc":{"start":{"line":22,"column":48},"end":{"line":29,"column":1}},"line":22},"3":{"name":"(anonymous_3)","decl":{"start":{"line":31,"column":31},"end":{"line":31,"column":32}},"loc":{"start":{"line":31,"column":51},"end":{"line":50,"column":1}},"line":31},"4":{"name":"(anonymous_4)","decl":{"start":{"line":52,"column":31},"end":{"line":52,"column":32}},"loc":{"start":{"line":52,"column":51},"end":{"line":67,"column":1}},"line":52}},"branchMap":{"0":{"loc":{"start":{"line":39,"column":4},"end":{"line":41,"column":5}},"type":"if","locations":[{"start":{"line":39,"column":4},"end":{"line":41,"column":5}},{"start":{},"end":{}}],"line":39},"1":{"loc":{"start":{"line":42,"column":4},"end":{"line":44,"column":5}},"type":"if","locations":[{"start":{"line":42,"column":4},"end":{"line":44,"column":5}},{"start":{},"end":{}}],"line":42},"2":{"loc":{"start":{"line":56,"column":4},"end":{"line":58,"column":5}},"type":"if","locations":[{"start":{"line":56,"column":4},"end":{"line":58,"column":5}},{"start":{},"end":{}}],"line":56}},"s":{"0":1,"1":0,"2":0,"3":0,"4":0,"5":1,"6":0,"7":0,"8":0,"9":0,"10":1,"11":0,"12":0,"13":0,"14":0,"15":1,"16":0,"17":0,"18":0,"19":0,"20":0,"21":0,"22":0,"23":0,"24":0,"25":0,"26":1,"27":0,"28":0,"29":0,"30":0,"31":0,"32":0,"33":0,"34":0},"f":{"0":0,"1":0,"2":0,"3":0,"4":0},"b":{"0":[0,0],"1":[0,0],"2":[0,0]},"_coverageSchema":"1a1c01bbd47fc00a2c39e90264f33305004495a9","hash":"7ec2f80d733c2852c13c10ec32af251e1cd077a4"}
,"C:\\Users\\Yeimy_Gabriela\\Desktop\\Pruebas\\servidor\\src\\controllers\\auth.controller.js": {"path":"C:\\Users\\Yeimy_Gabriela\\Desktop\\Pruebas\\servidor\\src\\controllers\\auth.controller.js","statementMap":{"0":{"start":{"line":12,"column":22},"end":{"line":46,"column":1}},"1":{"start":{"line":14,"column":18},"end":{"line":14,"column":39}},"2":{"start":{"line":15,"column":2},"end":{"line":17,"column":3}},"3":{"start":{"line":16,"column":4},"end":{"line":16,"column":61}},"4":{"start":{"line":19,"column":30},"end":{"line":19,"column":38}},"5":{"start":{"line":20,"column":2},"end":{"line":45,"column":3}},"6":{"start":{"line":22,"column":18},"end":{"line":22,"column":73}},"7":{"start":{"line":23,"column":4},"end":{"line":25,"column":5}},"8":{"start":{"line":24,"column":6},"end":{"line":24,"column":66}},"9":{"start":{"line":28,"column":25},"end":{"line":28,"column":75}},"10":{"start":{"line":29,"column":4},"end":{"line":31,"column":5}},"11":{"start":{"line":30,"column":6},"end":{"line":30,"column":65}},"12":{"start":{"line":32,"column":4},"end":{"line":32,"column":39}},"13":{"start":{"line":35,"column":4},"end":{"line":41,"column":6}},"14":{"start":{"line":38,"column":6},"end":{"line":38,"column":28}},"15":{"start":{"line":38,"column":17},"end":{"line":38,"column":28}},"16":{"start":{"line":40,"column":6},"end":{"line":40,"column":25}},"17":{"start":{"line":43,"column":4},"end":{"line":43,"column":23}},"18":{"start":{"line":44,"column":4},"end":{"line":44,"column":67}},"19":{"start":{"line":48,"column":23},"end":{"line":59,"column":1}},"20":{"start":{"line":49,"column":2},"end":{"line":58,"column":3}},"21":{"start":{"line":50,"column":20},"end":{"line":50,"column":79}},"22":{"start":{"line":51,"column":20},"end":{"line":51,"column":131}},"23":{"start":{"line":53,"column":17},"end":{"line":53,"column":44}},"24":{"start":{"line":54,"column":4},"end":{"line":54,"column":22}},"25":{"start":{"line":56,"column":4},"end":{"line":56,"column":23}},"26":{"start":{"line":57,"column":4},"end":{"line":57,"column":73}},"27":{"start":{"line":61,"column":26},"end":{"line":91,"column":1}},"28":{"start":{"line":62,"column":41},"end":{"line":62,"column":49}},"29":{"start":{"line":63,"column":2},"end":{"line":90,"column":3}},"30":{"start":{"line":64,"column":20},"end":{"line":64,"column":53}},"31":{"start":{"line":65,"column":20},"end":{"line":65,"column":116}},"32":{"start":{"line":67,"column":4},"end":{"line":69,"column":5}},"33":{"start":{"line":68,"column":6},"end":{"line":68,"column":67}},"34":{"start":{"line":70,"column":4},"end":{"line":72,"column":5}},"35":{"start":{"line":71,"column":6},"end":{"line":71,"column":33}},"36":{"start":{"line":73,"column":4},"end":{"line":75,"column":5}},"37":{"start":{"line":74,"column":6},"end":{"line":74,"column":27}},"38":{"start":{"line":76,"column":4},"end":{"line":78,"column":5}},"39":{"start":{"line":77,"column":6},"end":{"line":77,"column":35}},"40":{"start":{"line":79,"column":4},"end":{"line":81,"column":5}},"41":{"start":{"line":80,"column":6},"end":{"line":80,"column":26}},"42":{"start":{"line":82,"column":4},"end":{"line":84,"column":5}},"43":{"start":{"line":83,"column":6},"end":{"line":83,"column":26}},"44":{"start":{"line":85,"column":17},"end":{"line":85,"column":44}},"45":{"start":{"line":86,"column":4},"end":{"line":86,"column":34}},"46":{"start":{"line":88,"column":4},"end":{"line":88,"column":23}},"47":{"start":{"line":89,"column":4},"end":{"line":89,"column":57}},"48":{"start":{"line":93,"column":30},"end":{"line":117,"column":1}},"49":{"start":{"line":94,"column":36},"end":{"line":94,"column":44}},"50":{"start":{"line":95,"column":2},"end":{"line":116,"column":3}},"51":{"start":{"line":97,"column":18},"end":{"line":97,"column":75}},"52":{"start":{"line":98,"column":4},"end":{"line":100,"column":5}},"53":{"start":{"line":99,"column":6},"end":{"line":99,"column":66}},"54":{"start":{"line":103,"column":25},"end":{"line":103,"column":75}},"55":{"start":{"line":104,"column":4},"end":{"line":106,"column":5}},"56":{"start":{"line":105,"column":6},"end":{"line":105,"column":80}},"57":{"start":{"line":108,"column":17},"end":{"line":108,"column":43}},"58":{"start":{"line":109,"column":20},"end":{"line":109,"column":58}},"59":{"start":{"line":110,"column":4},"end":{"line":110,"column":30}},"60":{"start":{"line":111,"column":4},"end":{"line":111,"column":24}},"61":{"start":{"line":112,"column":4},"end":{"line":112,"column":94}},"62":{"start":{"line":114,"column":4},"end":{"line":114,"column":23}},"63":{"start":{"line":115,"column":4},"end":{"line":115,"column":57}},"64":{"start":{"line":120,"column":34},"end":{"line":141,"column":1}},"65":{"start":{"line":122,"column":2},"end":{"line":140,"column":3}},"66":{"start":{"line":124,"column":18},"end":{"line":124,"column":75}},"67":{"start":{"line":125,"column":4},"end":{"line":127,"column":5}},"68":{"start":{"line":126,"column":6},"end":{"line":126,"column":66}},"69":{"start":{"line":129,"column":4},"end":{"line":131,"column":5}},"70":{"start":{"line":130,"column":6},"end":{"line":130,"column":51}},"71":{"start":{"line":132,"column":4},"end":{"line":132,"column":25}},"72":{"start":{"line":133,"column":4},"end":{"line":133,"column":34}},"73":{"start":{"line":134,"column":4},"end":{"line":134,"column":24}},"74":{"start":{"line":135,"column":4},"end":{"line":135,"column":90}},"75":{"start":{"line":138,"column":4},"end":{"line":138,"column":35}},"76":{"start":{"line":139,"column":4},"end":{"line":139,"column":57}}},"fnMap":{"0":{"name":"(anonymous_0)","decl":{"start":{"line":12,"column":22},"end":{"line":12,"column":23}},"loc":{"start":{"line":12,"column":42},"end":{"line":46,"column":1}},"line":12},"1":{"name":"(anonymous_1)","decl":{"start":{"line":37,"column":7},"end":{"line":37,"column":8}},"loc":{"start":{"line":37,"column":25},"end":{"line":41,"column":5}},"line":37},"2":{"name":"(anonymous_2)","decl":{"start":{"line":48,"column":23},"end":{"line":48,"column":24}},"loc":{"start":{"line":48,"column":43},"end":{"line":59,"column":1}},"line":48},"3":{"name":"(anonymous_3)","decl":{"start":{"line":61,"column":26},"end":{"line":61,"column":27}},"loc":{"start":{"line":61,"column":46},"end":{"line":91,"column":1}},"line":61},"4":{"name":"(anonymous_4)","decl":{"start":{"line":93,"column":30},"end":{"line":93,"column":31}},"loc":{"start":{"line":93,"column":50},"end":{"line":117,"column":1}},"line":93},"5":{"name":"(anonymous_5)","decl":{"start":{"line":120,"column":34},"end":{"line":120,"column":35}},"loc":{"start":{"line":120,"column":54},"end":{"line":141,"column":1}},"line":120}},"branchMap":{"0":{"loc":{"start":{"line":15,"column":2},"end":{"line":17,"column":3}},"type":"if","locations":[{"start":{"line":15,"column":2},"end":{"line":17,"column":3}},{"start":{},"end":{}}],"line":15},"1":{"loc":{"start":{"line":23,"column":4},"end":{"line":25,"column":5}},"type":"if","locations":[{"start":{"line":23,"column":4},"end":{"line":25,"column":5}},{"start":{},"end":{}}],"line":23},"2":{"loc":{"start":{"line":29,"column":4},"end":{"line":31,"column":5}},"type":"if","locations":[{"start":{"line":29,"column":4},"end":{"line":31,"column":5}},{"start":{},"end":{}}],"line":29},"3":{"loc":{"start":{"line":38,"column":6},"end":{"line":38,"column":28}},"type":"if","locations":[{"start":{"line":38,"column":6},"end":{"line":38,"column":28}},{"start":{},"end":{}}],"line":38},"4":{"loc":{"start":{"line":67,"column":4},"end":{"line":69,"column":5}},"type":"if","locations":[{"start":{"line":67,"column":4},"end":{"line":69,"column":5}},{"start":{},"end":{}}],"line":67},"5":{"loc":{"start":{"line":67,"column":8},"end":{"line":67,"column":28}},"type":"binary-expr","locations":[{"start":{"line":67,"column":8},"end":{"line":67,"column":16}},{"start":{"line":67,"column":20},"end":{"line":67,"column":28}}],"line":67},"6":{"loc":{"start":{"line":70,"column":4},"end":{"line":72,"column":5}},"type":"if","locations":[{"start":{"line":70,"column":4},"end":{"line":72,"column":5}},{"start":{},"end":{}}],"line":70},"7":{"loc":{"start":{"line":73,"column":4},"end":{"line":75,"column":5}},"type":"if","locations":[{"start":{"line":73,"column":4},"end":{"line":75,"column":5}},{"start":{},"end":{}}],"line":73},"8":{"loc":{"start":{"line":76,"column":4},"end":{"line":78,"column":5}},"type":"if","locations":[{"start":{"line":76,"column":4},"end":{"line":78,"column":5}},{"start":{},"end":{}}],"line":76},"9":{"loc":{"start":{"line":79,"column":4},"end":{"line":81,"column":5}},"type":"if","locations":[{"start":{"line":79,"column":4},"end":{"line":81,"column":5}},{"start":{},"end":{}}],"line":79},"10":{"loc":{"start":{"line":79,"column":8},"end":{"line":79,"column":26}},"type":"binary-expr","locations":[{"start":{"line":79,"column":8},"end":{"line":79,"column":13}},{"start":{"line":79,"column":17},"end":{"line":79,"column":26}}],"line":79},"11":{"loc":{"start":{"line":82,"column":4},"end":{"line":84,"column":5}},"type":"if","locations":[{"start":{"line":82,"column":4},"end":{"line":84,"column":5}},{"start":{},"end":{}}],"line":82},"12":{"loc":{"start":{"line":98,"column":4},"end":{"line":100,"column":5}},"type":"if","locations":[{"start":{"line":98,"column":4},"end":{"line":100,"column":5}},{"start":{},"end":{}}],"line":98},"13":{"loc":{"start":{"line":104,"column":4},"end":{"line":106,"column":5}},"type":"if","locations":[{"start":{"line":104,"column":4},"end":{"line":106,"column":5}},{"start":{},"end":{}}],"line":104},"14":{"loc":{"start":{"line":125,"column":4},"end":{"line":127,"column":5}},"type":"if","locations":[{"start":{"line":125,"column":4},"end":{"line":127,"column":5}},{"start":{},"end":{}}],"line":125},"15":{"loc":{"start":{"line":129,"column":4},"end":{"line":131,"column":5}},"type":"if","locations":[{"start":{"line":129,"column":4},"end":{"line":131,"column":5}},{"start":{},"end":{}}],"line":129}},"s":{"0":1,"1":0,"2":0,"3":0,"4":0,"5":0,"6":0,"7":0,"8":0,"9":0,"10":0,"11":0,"12":0,"13":0,"14":0,"15":0,"16":0,"17":0,"18":0,"19":1,"20":0,"21":0,"22":0,"23":0,"24":0,"25":0,"26":0,"27":1,"28":0,"29":0,"30":0,"31":0,"32":0,"33":0,"34":0,"35":0,"36":0,"37":0,"38":0,"39":0,"40":0,"41":0,"42":0,"43":0,"44":0,"45":0,"46":0,"47":0,"48":1,"49":0,"50":0,"51":0,"52":0,"53":0,"54":0,"55":0,"56":0,"57":0,"58":0,"59":0,"60":0,"61":0,"62":0,"63":0,"64":1,"65":0,"66":0,"67":0,"68":0,"69":0,"70":0,"71":0,"72":0,"73":0,"74":0,"75":0,"76":0},"f":{"0":0,"1":0,"2":0,"3":0,"4":0,"5":0},"b":{"0":[0,0],"1":[0,0],"2":[0,0],"3":[0,0],"4":[0,0],"5":[0,0],"6":[0,0],"7":[0,0],"8":[0,0],"9":[0,0],"10":[0,0],"11":[0,0],"12":[0,0],"13":[0,0],"14":[0,0],"15":[0,0]},"_coverageSchema":"1a1c01bbd47fc00a2c39e90264f33305004495a9","hash":"912cb82a051f614725e31757c168c4b7cde8e80c"}
,"C:\\Users\\Yeimy_Gabriela\\Desktop\\Pruebas\\servidor\\src\\controllers\\auxiliar.controller.js": {"path":"C:\\Users\\Yeimy_Gabriela\\Desktop\\Pruebas\\servidor\\src\\controllers\\auxiliar.controller.js","statementMap":{"0":{"start":{"line":3,"column":33},"end":{"line":10,"column":1}},"1":{"start":{"line":4,"column":2},"end":{"line":9,"column":3}},"2":{"start":{"line":5,"column":23},"end":{"line":5,"column":47}},"3":{"start":{"line":6,"column":4},"end":{"line":6,"column":36}},"4":{"start":{"line":8,"column":4},"end":{"line":8,"column":41}}},"fnMap":{"0":{"name":"(anonymous_0)","decl":{"start":{"line":3,"column":33},"end":{"line":3,"column":34}},"loc":{"start":{"line":3,"column":54},"end":{"line":10,"column":1}},"line":3}},"branchMap":{},"s":{"0":1,"1":0,"2":0,"3":0,"4":0},"f":{"0":0},"b":{},"_coverageSchema":"1a1c01bbd47fc00a2c39e90264f33305004495a9","hash":"6e01e85e9f35efaa432b4fd5dee47b3c79d30819"}
,"C:\\Users\\Yeimy_Gabriela\\Desktop\\Pruebas\\servidor\\src\\controllers\\baja.controller.js": {"path":"C:\\Users\\Yeimy_Gabriela\\Desktop\\Pruebas\\servidor\\src\\controllers\\baja.controller.js","statementMap":{"0":{"start":{"line":12,"column":25},"end":{"line":43,"column":1}},"1":{"start":{"line":14,"column":18},"end":{"line":14,"column":39}},"2":{"start":{"line":15,"column":2},"end":{"line":17,"column":3}},"3":{"start":{"line":16,"column":4},"end":{"line":16,"column":61}},"4":{"start":{"line":18,"column":37},"end":{"line":18,"column":45}},"5":{"start":{"line":19,"column":2},"end":{"line":42,"column":3}},"6":{"start":{"line":21,"column":19},"end":{"line":21,"column":87}},"7":{"start":{"line":22,"column":4},"end":{"line":22,"column":77}},"8":{"start":{"line":22,"column":17},"end":{"line":22,"column":77}},"9":{"start":{"line":24,"column":4},"end":{"line":24,"column":113}},"10":{"start":{"line":24,"column":27},"end":{"line":24,"column":113}},"11":{"start":{"line":26,"column":20},"end":{"line":29,"column":5}},"12":{"start":{"line":31,"column":22},"end":{"line":31,"column":48}},"13":{"start":{"line":33,"column":4},"end":{"line":38,"column":6}},"14":{"start":{"line":40,"column":4},"end":{"line":40,"column":23}},"15":{"start":{"line":41,"column":4},"end":{"line":41,"column":77}},"16":{"start":{"line":44,"column":28},"end":{"line":56,"column":1}},"17":{"start":{"line":45,"column":2},"end":{"line":55,"column":3}},"18":{"start":{"line":46,"column":18},"end":{"line":51,"column":6}},"19":{"start":{"line":52,"column":4},"end":{"line":52,"column":31}},"20":{"start":{"line":54,"column":4},"end":{"line":54,"column":82}},"21":{"start":{"line":58,"column":32},"end":{"line":71,"column":1}},"22":{"start":{"line":59,"column":2},"end":{"line":70,"column":3}},"23":{"start":{"line":61,"column":17},"end":{"line":66,"column":6}},"24":{"start":{"line":67,"column":4},"end":{"line":67,"column":30}},"25":{"start":{"line":69,"column":4},"end":{"line":69,"column":41}},"26":{"start":{"line":72,"column":30},"end":{"line":116,"column":1}},"27":{"start":{"line":74,"column":22},"end":{"line":74,"column":30}},"28":{"start":{"line":75,"column":2},"end":{"line":115,"column":3}},"29":{"start":{"line":76,"column":17},"end":{"line":76,"column":70}},"30":{"start":{"line":77,"column":19},"end":{"line":93,"column":6}},"31":{"start":{"line":95,"column":18},"end":{"line":95,"column":117}},"32":{"start":{"line":96,"column":22},"end":{"line":96,"column":96}},"33":{"start":{"line":97,"column":29},"end":{"line":97,"column":109}},"34":{"start":{"line":98,"column":24},"end":{"line":108,"column":5}},"35":{"start":{"line":109,"column":16},"end":{"line":109,"column":55}},"36":{"start":{"line":110,"column":4},"end":{"line":110,"column":39}},"37":{"start":{"line":111,"column":4},"end":{"line":111,"column":29}},"38":{"start":{"line":113,"column":4},"end":{"line":113,"column":22}},"39":{"start":{"line":114,"column":4},"end":{"line":114,"column":41}}},"fnMap":{"0":{"name":"(anonymous_0)","decl":{"start":{"line":12,"column":25},"end":{"line":12,"column":26}},"loc":{"start":{"line":12,"column":45},"end":{"line":43,"column":1}},"line":12},"1":{"name":"(anonymous_1)","decl":{"start":{"line":44,"column":28},"end":{"line":44,"column":29}},"loc":{"start":{"line":44,"column":49},"end":{"line":56,"column":1}},"line":44},"2":{"name":"(anonymous_2)","decl":{"start":{"line":58,"column":32},"end":{"line":58,"column":33}},"loc":{"start":{"line":58,"column":52},"end":{"line":71,"column":1}},"line":58},"3":{"name":"(anonymous_3)","decl":{"start":{"line":72,"column":30},"end":{"line":72,"column":31}},"loc":{"start":{"line":72,"column":50},"end":{"line":116,"column":1}},"line":72}},"branchMap":{"0":{"loc":{"start":{"line":15,"column":2},"end":{"line":17,"column":3}},"type":"if","locations":[{"start":{"line":15,"column":2},"end":{"line":17,"column":3}},{"start":{},"end":{}}],"line":15},"1":{"loc":{"start":{"line":22,"column":4},"end":{"line":22,"column":77}},"type":"if","locations":[{"start":{"line":22,"column":4},"end":{"line":22,"column":77}},{"start":{},"end":{}}],"line":22},"2":{"loc":{"start":{"line":24,"column":4},"end":{"line":24,"column":113}},"type":"if","locations":[{"start":{"line":24,"column":4},"end":{"line":24,"column":113}},{"start":{},"end":{}}],"line":24}},"s":{"0":1,"1":0,"2":0,"3":0,"4":0,"5":0,"6":0,"7":0,"8":0,"9":0,"10":0,"11":0,"12":0,"13":0,"14":0,"15":0,"16":1,"17":0,"18":0,"19":0,"20":0,"21":1,"22":0,"23":0,"24":0,"25":0,"26":1,"27":0,"28":0,"29":0,"30":0,"31":0,"32":0,"33":0,"34":0,"35":0,"36":0,"37":0,"38":0,"39":0},"f":{"0":0,"1":0,"2":0,"3":0},"b":{"0":[0,0],"1":[0,0],"2":[0,0]},"_coverageSchema":"1a1c01bbd47fc00a2c39e90264f33305004495a9","hash":"1703dac214026dc571075041b0ec62194a25dec0"}
,"C:\\Users\\Yeimy_Gabriela\\Desktop\\Pruebas\\servidor\\src\\controllers\\cargo.controller.js": {"path":"C:\\Users\\Yeimy_Gabriela\\Desktop\\Pruebas\\servidor\\src\\controllers\\cargo.controller.js","statementMap":{"0":{"start":{"line":5,"column":26},"end":{"line":23,"column":1}},"1":{"start":{"line":7,"column":18},"end":{"line":7,"column":39}},"2":{"start":{"line":8,"column":2},"end":{"line":10,"column":3}},"3":{"start":{"line":9,"column":4},"end":{"line":9,"column":61}},"4":{"start":{"line":11,"column":45},"end":{"line":11,"column":53}},"5":{"start":{"line":12,"column":2},"end":{"line":22,"column":3}},"6":{"start":{"line":13,"column":17},"end":{"line":13,"column":76}},"7":{"start":{"line":14,"column":21},"end":{"line":16,"column":5}},"8":{"start":{"line":17,"column":24},"end":{"line":17,"column":52}},"9":{"start":{"line":19,"column":4},"end":{"line":19,"column":112}},"10":{"start":{"line":21,"column":4},"end":{"line":21,"column":41}},"11":{"start":{"line":25,"column":29},"end":{"line":32,"column":1}},"12":{"start":{"line":26,"column":2},"end":{"line":31,"column":3}},"13":{"start":{"line":27,"column":19},"end":{"line":27,"column":130}},"14":{"start":{"line":28,"column":4},"end":{"line":28,"column":32}},"15":{"start":{"line":30,"column":4},"end":{"line":30,"column":41}},"16":{"start":{"line":34,"column":33},"end":{"line":42,"column":1}},"17":{"start":{"line":35,"column":2},"end":{"line":41,"column":3}},"18":{"start":{"line":36,"column":18},"end":{"line":36,"column":145}},"19":{"start":{"line":37,"column":4},"end":{"line":37,"column":31}},"20":{"start":{"line":39,"column":4},"end":{"line":39,"column":31}},"21":{"start":{"line":40,"column":4},"end":{"line":40,"column":41}},"22":{"start":{"line":44,"column":36},"end":{"line":69,"column":1}},"23":{"start":{"line":46,"column":32},"end":{"line":46,"column":40}},"24":{"start":{"line":47,"column":2},"end":{"line":68,"column":3}},"25":{"start":{"line":49,"column":16},"end":{"line":49,"column":56}},"26":{"start":{"line":50,"column":21},"end":{"line":50,"column":26}},"27":{"start":{"line":52,"column":4},"end":{"line":54,"column":5}},"28":{"start":{"line":53,"column":6},"end":{"line":53,"column":65}},"29":{"start":{"line":55,"column":4},"end":{"line":58,"column":5}},"30":{"start":{"line":56,"column":6},"end":{"line":56,"column":49}},"31":{"start":{"line":57,"column":6},"end":{"line":57,"column":23}},"32":{"start":{"line":60,"column":4},"end":{"line":64,"column":5}},"33":{"start":{"line":61,"column":6},"end":{"line":61,"column":43}},"34":{"start":{"line":63,"column":6},"end":{"line":63,"column":30}},"35":{"start":{"line":65,"column":4},"end":{"line":65,"column":42}},"36":{"start":{"line":67,"column":4},"end":{"line":67,"column":48}},"37":{"start":{"line":71,"column":30},"end":{"line":85,"column":1}},"38":{"start":{"line":72,"column":2},"end":{"line":84,"column":3}},"39":{"start":{"line":73,"column":16},"end":{"line":73,"column":56}},"40":{"start":{"line":75,"column":4},"end":{"line":77,"column":5}},"41":{"start":{"line":76,"column":6},"end":{"line":76,"column":65}},"42":{"start":{"line":78,"column":4},"end":{"line":78,"column":22}},"43":{"start":{"line":79,"column":22},"end":{"line":79,"column":40}},"44":{"start":{"line":80,"column":4},"end":{"line":80,"column":35}},"45":{"start":{"line":82,"column":4},"end":{"line":82,"column":22}},"46":{"start":{"line":83,"column":4},"end":{"line":83,"column":48}}},"fnMap":{"0":{"name":"(anonymous_0)","decl":{"start":{"line":5,"column":26},"end":{"line":5,"column":27}},"loc":{"start":{"line":5,"column":46},"end":{"line":23,"column":1}},"line":5},"1":{"name":"(anonymous_1)","decl":{"start":{"line":25,"column":29},"end":{"line":25,"column":30}},"loc":{"start":{"line":25,"column":50},"end":{"line":32,"column":1}},"line":25},"2":{"name":"(anonymous_2)","decl":{"start":{"line":34,"column":33},"end":{"line":34,"column":34}},"loc":{"start":{"line":34,"column":53},"end":{"line":42,"column":1}},"line":34},"3":{"name":"(anonymous_3)","decl":{"start":{"line":44,"column":36},"end":{"line":44,"column":37}},"loc":{"start":{"line":44,"column":56},"end":{"line":69,"column":1}},"line":44},"4":{"name":"(anonymous_4)","decl":{"start":{"line":71,"column":30},"end":{"line":71,"column":31}},"loc":{"start":{"line":71,"column":50},"end":{"line":85,"column":1}},"line":71}},"branchMap":{"0":{"loc":{"start":{"line":8,"column":2},"end":{"line":10,"column":3}},"type":"if","locations":[{"start":{"line":8,"column":2},"end":{"line":10,"column":3}},{"start":{},"end":{}}],"line":8},"1":{"loc":{"start":{"line":52,"column":4},"end":{"line":54,"column":5}},"type":"if","locations":[{"start":{"line":52,"column":4},"end":{"line":54,"column":5}},{"start":{},"end":{}}],"line":52},"2":{"loc":{"start":{"line":55,"column":4},"end":{"line":58,"column":5}},"type":"if","locations":[{"start":{"line":55,"column":4},"end":{"line":58,"column":5}},{"start":{},"end":{}}],"line":55},"3":{"loc":{"start":{"line":55,"column":8},"end":{"line":55,"column":74}},"type":"binary-expr","locations":[{"start":{"line":55,"column":8},"end":{"line":55,"column":25}},{"start":{"line":55,"column":29},"end":{"line":55,"column":74}}],"line":55},"4":{"loc":{"start":{"line":60,"column":4},"end":{"line":64,"column":5}},"type":"if","locations":[{"start":{"line":60,"column":4},"end":{"line":64,"column":5}},{"start":{"line":62,"column":11},"end":{"line":64,"column":5}}],"line":60},"5":{"loc":{"start":{"line":75,"column":4},"end":{"line":77,"column":5}},"type":"if","locations":[{"start":{"line":75,"column":4},"end":{"line":77,"column":5}},{"start":{},"end":{}}],"line":75}},"s":{"0":1,"1":0,"2":0,"3":0,"4":0,"5":0,"6":0,"7":0,"8":0,"9":0,"10":0,"11":1,"12":0,"13":0,"14":0,"15":0,"16":1,"17":0,"18":0,"19":0,"20":0,"21":0,"22":1,"23":0,"24":0,"25":0,"26":0,"27":0,"28":0,"29":0,"30":0,"31":0,"32":0,"33":0,"34":0,"35":0,"36":0,"37":1,"38":0,"39":0,"40":0,"41":0,"42":0,"43":0,"44":0,"45":0,"46":0},"f":{"0":0,"1":0,"2":0,"3":0,"4":0},"b":{"0":[0,0],"1":[0,0],"2":[0,0],"3":[0,0],"4":[0,0],"5":[0,0]},"_coverageSchema":"1a1c01bbd47fc00a2c39e90264f33305004495a9","hash":"cf03e351af243e098ae758bd64b019265166526f"}
,"C:\\Users\\Yeimy_Gabriela\\Desktop\\Pruebas\\servidor\\src\\controllers\\devolucion.controller.js": {"path":"C:\\Users\\Yeimy_Gabriela\\Desktop\\Pruebas\\servidor\\src\\controllers\\devolucion.controller.js","statementMap":{"0":{"start":{"line":12,"column":31},"end":{"line":52,"column":1}},"1":{"start":{"line":14,"column":18},"end":{"line":14,"column":39}},"2":{"start":{"line":15,"column":2},"end":{"line":17,"column":3}},"3":{"start":{"line":16,"column":4},"end":{"line":16,"column":61}},"4":{"start":{"line":18,"column":73},"end":{"line":18,"column":81}},"5":{"start":{"line":19,"column":2},"end":{"line":51,"column":3}},"6":{"start":{"line":21,"column":19},"end":{"line":21,"column":87}},"7":{"start":{"line":22,"column":4},"end":{"line":22,"column":77}},"8":{"start":{"line":22,"column":17},"end":{"line":22,"column":77}},"9":{"start":{"line":24,"column":21},"end":{"line":24,"column":82}},"10":{"start":{"line":25,"column":4},"end":{"line":25,"column":81}},"11":{"start":{"line":25,"column":19},"end":{"line":25,"column":81}},"12":{"start":{"line":27,"column":20},"end":{"line":27,"column":79}},"13":{"start":{"line":29,"column":26},"end":{"line":34,"column":5}},"14":{"start":{"line":37,"column":22},"end":{"line":37,"column":60}},"15":{"start":{"line":39,"column":4},"end":{"line":47,"column":6}},"16":{"start":{"line":49,"column":4},"end":{"line":49,"column":23}},"17":{"start":{"line":50,"column":4},"end":{"line":50,"column":83}},"18":{"start":{"line":53,"column":35},"end":{"line":70,"column":1}},"19":{"start":{"line":54,"column":2},"end":{"line":69,"column":3}},"20":{"start":{"line":55,"column":25},"end":{"line":60,"column":6}},"21":{"start":{"line":61,"column":30},"end":{"line":65,"column":7}},"22":{"start":{"line":62,"column":22},"end":{"line":62,"column":103}},"23":{"start":{"line":63,"column":6},"end":{"line":63,"column":114}},"24":{"start":{"line":66,"column":4},"end":{"line":66,"column":43}},"25":{"start":{"line":68,"column":4},"end":{"line":68,"column":89}},"26":{"start":{"line":72,"column":38},"end":{"line":87,"column":1}},"27":{"start":{"line":73,"column":2},"end":{"line":86,"column":3}},"28":{"start":{"line":75,"column":23},"end":{"line":80,"column":6}},"29":{"start":{"line":81,"column":20},"end":{"line":81,"column":101}},"30":{"start":{"line":82,"column":28},"end":{"line":82,"column":129}},"31":{"start":{"line":83,"column":4},"end":{"line":83,"column":41}},"32":{"start":{"line":85,"column":4},"end":{"line":85,"column":41}},"33":{"start":{"line":89,"column":36},"end":{"line":141,"column":1}},"34":{"start":{"line":91,"column":28},"end":{"line":91,"column":36}},"35":{"start":{"line":92,"column":2},"end":{"line":140,"column":3}},"36":{"start":{"line":93,"column":23},"end":{"line":93,"column":88}},"37":{"start":{"line":94,"column":19},"end":{"line":110,"column":6}},"38":{"start":{"line":111,"column":21},"end":{"line":116,"column":6}},"39":{"start":{"line":117,"column":20},"end":{"line":117,"column":101}},"40":{"start":{"line":118,"column":18},"end":{"line":118,"column":117}},"41":{"start":{"line":119,"column":22},"end":{"line":119,"column":96}},"42":{"start":{"line":120,"column":29},"end":{"line":120,"column":109}},"43":{"start":{"line":121,"column":24},"end":{"line":133,"column":5}},"44":{"start":{"line":134,"column":16},"end":{"line":134,"column":61}},"45":{"start":{"line":135,"column":4},"end":{"line":135,"column":39}},"46":{"start":{"line":136,"column":4},"end":{"line":136,"column":29}},"47":{"start":{"line":138,"column":4},"end":{"line":138,"column":22}},"48":{"start":{"line":139,"column":4},"end":{"line":139,"column":41}}},"fnMap":{"0":{"name":"(anonymous_0)","decl":{"start":{"line":12,"column":31},"end":{"line":12,"column":32}},"loc":{"start":{"line":12,"column":51},"end":{"line":52,"column":1}},"line":12},"1":{"name":"(anonymous_1)","decl":{"start":{"line":53,"column":35},"end":{"line":53,"column":36}},"loc":{"start":{"line":53,"column":56},"end":{"line":70,"column":1}},"line":53},"2":{"name":"(anonymous_2)","decl":{"start":{"line":61,"column":65},"end":{"line":61,"column":66}},"loc":{"start":{"line":61,"column":85},"end":{"line":65,"column":5}},"line":61},"3":{"name":"(anonymous_3)","decl":{"start":{"line":72,"column":38},"end":{"line":72,"column":39}},"loc":{"start":{"line":72,"column":58},"end":{"line":87,"column":1}},"line":72},"4":{"name":"(anonymous_4)","decl":{"start":{"line":89,"column":36},"end":{"line":89,"column":37}},"loc":{"start":{"line":89,"column":56},"end":{"line":141,"column":1}},"line":89}},"branchMap":{"0":{"loc":{"start":{"line":15,"column":2},"end":{"line":17,"column":3}},"type":"if","locations":[{"start":{"line":15,"column":2},"end":{"line":17,"column":3}},{"start":{},"end":{}}],"line":15},"1":{"loc":{"start":{"line":22,"column":4},"end":{"line":22,"column":77}},"type":"if","locations":[{"start":{"line":22,"column":4},"end":{"line":22,"column":77}},{"start":{},"end":{}}],"line":22},"2":{"loc":{"start":{"line":25,"column":4},"end":{"line":25,"column":81}},"type":"if","locations":[{"start":{"line":25,"column":4},"end":{"line":25,"column":81}},{"start":{},"end":{}}],"line":25}},"s":{"0":1,"1":0,"2":0,"3":0,"4":0,"5":0,"6":0,"7":0,"8":0,"9":0,"10":0,"11":0,"12":0,"13":0,"14":0,"15":0,"16":0,"17":0,"18":1,"19":0,"20":0,"21":0,"22":0,"23":0,"24":0,"25":0,"26":1,"27":0,"28":0,"29":0,"30":0,"31":0,"32":0,"33":1,"34":0,"35":0,"36":0,"37":0,"38":0,"39":0,"40":0,"41":0,"42":0,"43":0,"44":0,"45":0,"46":0,"47":0,"48":0},"f":{"0":0,"1":0,"2":0,"3":0,"4":0},"b":{"0":[0,0],"1":[0,0],"2":[0,0]},"_coverageSchema":"1a1c01bbd47fc00a2c39e90264f33305004495a9","hash":"3b0a53d2383618ffb808c8c987a4c62acc1170cb"}
,"C:\\Users\\Yeimy_Gabriela\\Desktop\\Pruebas\\servidor\\src\\controllers\\empleado.controller.js": {"path":"C:\\Users\\Yeimy_Gabriela\\Desktop\\Pruebas\\servidor\\src\\controllers\\empleado.controller.js","statementMap":{"0":{"start":{"line":8,"column":29},"end":{"line":41,"column":1}},"1":{"start":{"line":10,"column":18},"end":{"line":10,"column":39}},"2":{"start":{"line":11,"column":2},"end":{"line":13,"column":3}},"3":{"start":{"line":12,"column":4},"end":{"line":12,"column":61}},"4":{"start":{"line":14,"column":77},"end":{"line":14,"column":85}},"5":{"start":{"line":15,"column":2},"end":{"line":40,"column":3}},"6":{"start":{"line":17,"column":30},"end":{"line":17,"column":84}},"7":{"start":{"line":18,"column":20},"end":{"line":18,"column":22}},"8":{"start":{"line":19,"column":4},"end":{"line":24,"column":5}},"9":{"start":{"line":20,"column":6},"end":{"line":20,"column":46}},"10":{"start":{"line":22,"column":31},"end":{"line":22,"column":78}},"11":{"start":{"line":23,"column":6},"end":{"line":23,"column":45}},"12":{"start":{"line":27,"column":18},"end":{"line":27,"column":116}},"13":{"start":{"line":28,"column":4},"end":{"line":28,"column":22}},"14":{"start":{"line":29,"column":24},"end":{"line":33,"column":5}},"15":{"start":{"line":34,"column":4},"end":{"line":34,"column":38}},"16":{"start":{"line":36,"column":4},"end":{"line":36,"column":195}},"17":{"start":{"line":38,"column":4},"end":{"line":38,"column":23}},"18":{"start":{"line":39,"column":4},"end":{"line":39,"column":84}},"19":{"start":{"line":42,"column":32},"end":{"line":54,"column":1}},"20":{"start":{"line":43,"column":2},"end":{"line":53,"column":3}},"21":{"start":{"line":44,"column":22},"end":{"line":44,"column":175}},"22":{"start":{"line":45,"column":27},"end":{"line":49,"column":7}},"23":{"start":{"line":46,"column":22},"end":{"line":46,"column":101}},"24":{"start":{"line":47,"column":6},"end":{"line":47,"column":46}},"25":{"start":{"line":50,"column":4},"end":{"line":50,"column":40}},"26":{"start":{"line":52,"column":4},"end":{"line":52,"column":86}},"27":{"start":{"line":56,"column":36},"end":{"line":65,"column":1}},"28":{"start":{"line":57,"column":2},"end":{"line":64,"column":3}},"29":{"start":{"line":58,"column":20},"end":{"line":58,"column":101}},"30":{"start":{"line":59,"column":21},"end":{"line":59,"column":193}},"31":{"start":{"line":60,"column":26},"end":{"line":60,"column":59}},"32":{"start":{"line":61,"column":4},"end":{"line":61,"column":39}},"33":{"start":{"line":63,"column":4},"end":{"line":63,"column":41}},"34":{"start":{"line":67,"column":39},"end":{"line":102,"column":1}},"35":{"start":{"line":69,"column":53},"end":{"line":69,"column":61}},"36":{"start":{"line":70,"column":2},"end":{"line":101,"column":3}},"37":{"start":{"line":72,"column":21},"end":{"line":72,"column":124}},"38":{"start":{"line":73,"column":21},"end":{"line":73,"column":26}},"39":{"start":{"line":75,"column":4},"end":{"line":77,"column":5}},"40":{"start":{"line":76,"column":6},"end":{"line":76,"column":68}},"41":{"start":{"line":79,"column":4},"end":{"line":82,"column":5}},"42":{"start":{"line":80,"column":6},"end":{"line":80,"column":56}},"43":{"start":{"line":81,"column":6},"end":{"line":81,"column":23}},"44":{"start":{"line":85,"column":4},"end":{"line":89,"column":5}},"45":{"start":{"line":86,"column":20},"end":{"line":86,"column":92}},"46":{"start":{"line":87,"column":6},"end":{"line":87,"column":40}},"47":{"start":{"line":88,"column":6},"end":{"line":88,"column":23}},"48":{"start":{"line":91,"column":4},"end":{"line":96,"column":5}},"49":{"start":{"line":92,"column":26},"end":{"line":92,"column":47}},"50":{"start":{"line":93,"column":6},"end":{"line":93,"column":204}},"51":{"start":{"line":95,"column":6},"end":{"line":95,"column":36}},"52":{"start":{"line":97,"column":4},"end":{"line":97,"column":45}},"53":{"start":{"line":99,"column":4},"end":{"line":99,"column":31}},"54":{"start":{"line":100,"column":4},"end":{"line":100,"column":48}},"55":{"start":{"line":104,"column":33},"end":{"line":118,"column":1}},"56":{"start":{"line":105,"column":2},"end":{"line":117,"column":3}},"57":{"start":{"line":106,"column":21},"end":{"line":106,"column":67}},"58":{"start":{"line":108,"column":4},"end":{"line":110,"column":5}},"59":{"start":{"line":109,"column":6},"end":{"line":109,"column":68}},"60":{"start":{"line":111,"column":4},"end":{"line":111,"column":25}},"61":{"start":{"line":112,"column":25},"end":{"line":112,"column":46}},"62":{"start":{"line":113,"column":4},"end":{"line":113,"column":38}},"63":{"start":{"line":115,"column":4},"end":{"line":115,"column":22}},"64":{"start":{"line":116,"column":4},"end":{"line":116,"column":48}}},"fnMap":{"0":{"name":"(anonymous_0)","decl":{"start":{"line":8,"column":29},"end":{"line":8,"column":30}},"loc":{"start":{"line":8,"column":49},"end":{"line":41,"column":1}},"line":8},"1":{"name":"(anonymous_1)","decl":{"start":{"line":42,"column":32},"end":{"line":42,"column":33}},"loc":{"start":{"line":42,"column":53},"end":{"line":54,"column":1}},"line":42},"2":{"name":"(anonymous_2)","decl":{"start":{"line":45,"column":59},"end":{"line":45,"column":60}},"loc":{"start":{"line":45,"column":77},"end":{"line":49,"column":5}},"line":45},"3":{"name":"(anonymous_3)","decl":{"start":{"line":56,"column":36},"end":{"line":56,"column":37}},"loc":{"start":{"line":56,"column":56},"end":{"line":65,"column":1}},"line":56},"4":{"name":"(anonymous_4)","decl":{"start":{"line":67,"column":39},"end":{"line":67,"column":40}},"loc":{"start":{"line":67,"column":59},"end":{"line":102,"column":1}},"line":67},"5":{"name":"(anonymous_5)","decl":{"start":{"line":104,"column":33},"end":{"line":104,"column":34}},"loc":{"start":{"line":104,"column":53},"end":{"line":118,"column":1}},"line":104}},"branchMap":{"0":{"loc":{"start":{"line":11,"column":2},"end":{"line":13,"column":3}},"type":"if","locations":[{"start":{"line":11,"column":2},"end":{"line":13,"column":3}},{"start":{},"end":{}}],"line":11},"1":{"loc":{"start":{"line":19,"column":4},"end":{"line":24,"column":5}},"type":"if","locations":[{"start":{"line":19,"column":4},"end":{"line":24,"column":5}},{"start":{"line":21,
[...]
,"C:\\Users\\Yeimy_Gabriela\\Desktop\\Pruebas\\servidor\\src\\routes\\devolucion.routes.js": {"path":"C:\\Users\\Yeimy_Gabriela\\Desktop\\Pruebas\\servidor\\src\\routes\\devolucion.routes.js","statementMap":{"0":{"start":{"line":2,"column":15},"end":{"line":2,"column":23}},"1":{"start":{"line":8,"column":0},"end":{"line":17,"column":39}},"2":{"start":{"line":19,"column":0},"end":{"line":19,"column":85}},"3":{"start":{"line":20,"column":0},"end":{"line":20,"column":109}},"4":{"start":{"line":21,"column":0},"end":{"line":21,"column":125}}},"fnMap":{},"branchMap":{},"s":{"0":1,"1":1,"2":1,"3":1,"4":1},"f":{},"b":{},"_coverageSchema":"1a1c01bbd47fc00a2c39e90264f33305004495a9","hash":"2a2f1b0e2140b9f78012c984265b25a784dd176f"}
,"C:\\Users\\Yeimy_Gabriela\\Desktop\\Pruebas\\servidor\\src\\routes\\empleado.routes.js": {"path":"C:\\Users\\Yeimy_Gabriela\\Desktop\\Pruebas\\servidor\\src\\routes\\empleado.routes.js","statementMap":{"0":{"start":{"line":2,"column":15},"end":{"line":2,"column":23}},"1":{"start":{"line":7,"column":0},"end":{"line":16,"column":35}},"2":{"start":{"line":18,"column":0},"end":{"line":18,"column":73}},"3":{"start":{"line":19,"column":0},"end":{"line":19,"column":88}},"4":{"start":{"line":20,"column":0},"end":{"line":20,"column":122}},"5":{"start":{"line":21,"column":0},"end":{"line":21,"column":121}}},"fnMap":{},"branchMap":{},"s":{"0":1,"1":1,"2":1,"3":1,"4":1,"5":1},"f":{},"b":{},"_coverageSchema":"1a1c01bbd47fc00a2c39e90264f33305004495a9","hash":"f1f0f13463d105d5817ceef198e7c7c40c487b6c"}
,"C:\\Users\\Yeimy_Gabriela\\Desktop\\Pruebas\\servidor\\src\\routes\\grupo.routes.js": {"path":"C:\\Users\\Yeimy_Gabriela\\Desktop\\Pruebas\\servidor\\src\\routes\\grupo.routes.js","statementMap":{"0":{"start":{"line":2,"column":15},"end":{"line":2,"column":23}},"1":{"start":{"line":6,"column":0},"end":{"line":6,"column":67}}},"fnMap":{},"branchMap":{},"s":{"0":1,"1":1},"f":{},"b":{},"_coverageSchema":"1a1c01bbd47fc00a2c39e90264f33305004495a9","hash":"1c05114192180f71c1a5066c1c1865c9ba3da861"}
,"C:\\Users\\Yeimy_Gabriela\\Desktop\\Pruebas\\servidor\\src\\routes\\proveedor.routes.js": {"path":"C:\\Users\\Yeimy_Gabriela\\Desktop\\Pruebas\\servidor\\src\\routes\\proveedor.routes.js","statementMap":{"0":{"start":{"line":2,"column":15},"end":{"line":2,"column":23}},"1":{"start":{"line":7,"column":0},"end":{"line":15,"column":37}},"2":{"start":{"line":17,"column":0},"end":{"line":17,"column":76}},"3":{"start":{"line":18,"column":0},"end":{"line":18,"column":91}},"4":{"start":{"line":19,"column":0},"end":{"line":19,"column":125}},"5":{"start":{"line":20,"column":0},"end":{"line":20,"column":124}}},"fnMap":{},"branchMap":{},"s":{"0":1,"1":1,"2":1,"3":1,"4":1,"5":1},"f":{},"b":{},"_coverageSchema":"1a1c01bbd47fc00a2c39e90264f33305004495a9","hash":"4f92b6d178563aa1d48d3315a0c94e007199b0ee"}
,"C:\\Users\\Yeimy_Gabriela\\Desktop\\Pruebas\\servidor\\src\\routes\\traslado.routes.js": {"path":"C:\\Users\\Yeimy_Gabriela\\Desktop\\Pruebas\\servidor\\src\\routes\\traslado.routes.js","statementMap":{"0":{"start":{"line":2,"column":15},"end":{"line":2,"column":23}},"1":{"start":{"line":8,"column":0},"end":{"line":17,"column":35}},"2":{"start":{"line":19,"column":0},"end":{"line":19,"column":81}},"3":{"start":{"line":20,"column":0},"end":{"line":20,"column":104}},"4":{"start":{"line":21,"column":0},"end":{"line":21,"column":119}}},"fnMap":{},"branchMap":{},"s":{"0":1,"1":1,"2":1,"3":1,"4":1},"f":{},"b":{},"_coverageSchema":"1a1c01bbd47fc00a2c39e90264f33305004495a9","hash":"915b20d2c476ef8a1996a47a3860922d4cb806b6"}
,"C:\\Users\\Yeimy_Gabriela\\Desktop\\Pruebas\\servidor\\src\\routes\\user.routes.js": {"path":"C:\\Users\\Yeimy_Gabriela\\Desktop\\Pruebas\\servidor\\src\\routes\\user.routes.js","statementMap":{"0":{"start":{"line":2,"column":15},"end":{"line":2,"column":23}},"1":{"start":{"line":7,"column":0},"end":{"line":19,"column":28}},"2":{"start":{"line":20,"column":2},"end":{"line":20,"column":93}},"3":{"start":{"line":21,"column":2},"end":{"line":21,"column":96}},"4":{"start":{"line":22,"column":2},"end":{"line":22,"column":99}},"5":{"start":{"line":23,"column":2},"end":{"line":23,"column":103}}},"fnMap":{},"branchMap":{},"s":{"0":1,"1":1,"2":1,"3":1,"4":1,"5":1},"f":{},"b":{},"_coverageSchema":"1a1c01bbd47fc00a2c39e90264f33305004495a9","hash":"933405be886909ad3a1eccb72d7b9733e7fe1564"}
,"C:\\Users\\Yeimy_Gabriela\\Desktop\\Pruebas\\servidor\\src\\utils\\calculoDepreciacion.js": {"path":"C:\\Users\\Yeimy_Gabriela\\Desktop\\Pruebas\\servidor\\src\\utils\\calculoDepreciacion.js","statementMap":{"0":{"start":{"line":1,"column":44},"end":{"line":12,"column":1}},"1":{"start":{"line":2,"column":70},"end":{"line":2,"column":74}},"2":{"start":{"line":3,"column":19},"end":{"line":3,"column":60}},"3":{"start":{"line":4,"column":20},"end":{"line":4,"column":34}},"4":{"start":{"line":5,"column":22},"end":{"line":5,"column":46}},"5":{"start":{"line":6,"column":13},"end":{"line":6,"column":36}},"6":{"start":{"line":7,"column":16},"end":{"line":7,"column":28}},"7":{"start":{"line":8,"column":15},"end":{"line":8,"column":38}},"8":{"start":{"line":9,"column":15},"end":{"line":9,"column":61}},"9":{"start":{"line":10,"column":16},"end":{"line":10,"column":55}},"10":{"start":{"line":11,"column":2},"end":{"line":11,"column":35}}},"fnMap":{"0":{"name":"(anonymous_0)","decl":{"start":{"line":1,"column":44},"end":{"line":1,"column":45}},"loc":{"start":{"line":1,"column":54},"end":{"line":12,"column":1}},"line":1}},"branchMap":{"0":{"loc":{"start":{"line":11,"column":10},"end":{"line":11,"column":34}},"type":"cond-expr","locations":[{"start":{"line":11,"column":22},"end":{"line":11,"column":27}},{"start":{"line":11,"column":30},"end":{"line":11,"column":34}}],"line":11}},"s":{"0":1,"1":0,"2":0,"3":0,"4":0,"5":0,"6":0,"7":0,"8":0,"9":0,"10":0},"f":{"0":0},"b":{"0":[0,0]},"_coverageSchema":"1a1c01bbd47fc00a2c39e90264f33305004495a9","hash":"774ebf9354c4afd0f24eb813961bda4109e8ee18"}
,"C:\\Users\\Yeimy_Gabriela\\Desktop\\Pruebas\\servidor\\src\\utils\\generarPDF.js": {"path":"C:\\Users\\Yeimy_Gabriela\\Desktop\\Pruebas\\servidor\\src\\utils\\generarPDF.js","statementMap":{"0":{"start":{"line":6,"column":16},"end":{"line":10,"column":1}},"1":{"start":{"line":7,"column":19},"end":{"line":7,"column":83}},"2":{"start":{"line":8,"column":15},"end":{"line":8,"column":48}},"3":{"start":{"line":9,"column":2},"end":{"line":9,"column":33}},"4":{"start":{"line":12,"column":24},"end":{"line":28,"column":1}},"5":{"start":{"line":13,"column":18},"end":{"line":13,"column":42}},"6":{"start":{"line":14,"column":15},"end":{"line":14,"column":40}},"7":{"start":{"line":15,"column":18},"end":{"line":15,"column":60}},"8":{"start":{"line":16,"column":2},"end":{"line":16,"column":35}},"9":{"start":{"line":18,"column":14},"end":{"line":22,"column":4}},"10":{"start":{"line":24,"column":2},"end":{"line":24,"column":34}},"11":{"start":{"line":26,"column":2},"end":{"line":26,"column":20}},"12":{"start":{"line":27,"column":2},"end":{"line":27,"column":12}}},"fnMap":{"0":{"name":"(anonymous_0)","decl":{"start":{"line":6,"column":16},"end":{"line":6,"column":17}},"loc":{"start":{"line":6,"column":46},"end":{"line":10,"column":1}},"line":6},"1":{"name":"(anonymous_1)","decl":{"start":{"line":12,"column":24},"end":{"line":12,"column":25}},"loc":{"start":{"line":12,"column":53},"end":{"line":28,"column":1}},"line":12}},"branchMap":{},"s":{"0":1,"1":0,"2":0,"3":0,"4":1,"5":0,"6":0,"7":0,"8":0,"9":0,"10":0,"11":0,"12":0},"f":{"0":0,"1":0},"b":{},"_coverageSchema":"1a1c01bbd47fc00a2c39e90264f33305004495a9","hash":"e8b151c0b830534a51549d6196fb4fddf94cd022"}
,"C:\\Users\\Yeimy_Gabriela\\Desktop\\Pruebas\\servidor\\src\\utils\\initialSetup.js": {"path":"C:\\Users\\Yeimy_Gabriela\\Desktop\\Pruebas\\servidor\\src\\utils\\initialSetup.js","statementMap":{"0":{"start":{"line":11,"column":27},"end":{"line":26,"column":1}},"1":{"start":{"line":12,"column":2},"end":{"line":12,"column":22}},"2":{"start":{"line":13,"column":2},"end":{"line":25,"column":3}},"3":{"start":{"line":14,"column":20},"end":{"line":14,"column":179}},"4":{"start":{"line":15,"column":4},"end":{"line":15,"column":43}},"5":{"start":{"line":15,"column":37},"end":{"line":15,"column":43}},"6":{"start":{"line":17,"column":4},"end":{"line":21,"column":6}},"7":{"start":{"line":22,"column":4},"end":{"line":22,"column":35}},"8":{"start":{"line":24,"column":4},"end":{"line":24,"column":23}},"9":{"start":{"line":28,"column":30},"end":{"line":43,"column":1}},"10":{"start":{"line":29,"column":2},"end":{"line":29,"column":26}},"11":{"start":{"line":30,"column":2},"end":{"line":42,"column":3}},"12":{"start":{"line":31,"column":20},"end":{"line":31,"column":184}},"13":{"start":{"line":32,"column":4},"end":{"line":32,"column":43}},"14":{"start":{"line":32,"column":37},"end":{"line":32,"column":43}},"15":{"start":{"line":34,"column":4},"end":{"line":38,"column":6}},"16":{"start":{"line":39,"column":4},"end":{"line":39,"column":40}},"17":{"start":{"line":41,"column":4},"end":{"line":41,"column":23}},"18":{"start":{"line":45,"column":26},"end":{"line":75,"column":1}},"19":{"start":{"line":46,"column":2},"end":{"line":46,"column":22}},"20":{"start":{"line":47,"column":2},"end":{"line":74,"column":3}},"21":{"start":{"line":48,"column":20},"end":{"line":48,"column":180}},"22":{"start":{"line":49,"column":4},"end":{"line":49,"column":43}},"23":{"start":{"line":49,"column":37},"end":{"line":49,"column":43}},"24":{"start":{"line":50,"column":16},"end":{"line":50,"column":99}},"25":{"start":{"line":51,"column":17},"end":{"line":51,"column":102}},"26":{"start":{"line":52,"column":17},"end":{"line":52,"column":94}},"27":{"start":{"line":53,"column":4},"end":{"line":70,"column":6}},"28":{"start":{"line":71,"column":4},"end":{"line":71,"column":36}},"29":{"start":{"line":73,"column":4},"end":{"line":73,"column":23}},"30":{"start":{"line":77,"column":30},"end":{"line":118,"column":1}},"31":{"start":{"line":78,"column":2},"end":{"line":78,"column":26}},"32":{"start":{"line":79,"column":2},"end":{"line":117,"column":3}},"33":{"start":{"line":80,"column":20},"end":{"line":80,"column":184}},"34":{"start":{"line":81,"column":4},"end":{"line":81,"column":43}},"35":{"start":{"line":81,"column":37},"end":{"line":81,"column":43}},"36":{"start":{"line":82,"column":15},"end":{"line":82,"column":78}},"37":{"start":{"line":83,"column":15},"end":{"line":83,"column":78}},"38":{"start":{"line":84,"column":15},"end":{"line":84,"column":78}},"39":{"start":{"line":86,"column":15},"end":{"line":86,"column":78}},"40":{"start":{"line":87,"column":15},"end":{"line":87,"column":78}},"41":{"start":{"line":88,"column":15},"end":{"line":88,"column":78}},"42":{"start":{"line":90,"column":15},"end":{"line":90,"column":78}},"43":{"start":{"line":91,"column":15},"end":{"line":91,"column":78}},"44":{"start":{"line":92,"column":15},"end":{"line":92,"column":78}},"45":{"start":{"line":96,"column":4},"end":{"line":113,"column":6}},"46":{"start":{"line":114,"column":4},"end":{"line":114,"column":40}},"47":{"start":{"line":116,"column":4},"end":{"line":116,"column":23}},"48":{"start":{"line":120,"column":35},"end":{"line":145,"column":1}},"49":{"start":{"line":121,"column":2},"end":{"line":121,"column":31}},"50":{"start":{"line":122,"column":2},"end":{"line":144,"column":3}},"51":{"start":{"line":123,"column":20},"end":{"line":123,"column":190}},"52":{"start":{"line":124,"column":4},"end":{"line":124,"column":43}},"53":{"start":{"line":124,"column":37},"end":{"line":124,"column":43}},"54":{"start":{"line":126,"column":4},"end":{"line":140,"column":6}},"55":{"start":{"line":141,"column":4},"end":{"line":141,"column":46}},"56":{"start":{"line":143,"column":4},"end":{"line":143,"column":34}},"57":{"start":{"line":147,"column":30},"end":{"line":309,"column":1}},"58":{"start":{"line":148,"column":2},"end":{"line":148,"column":26}},"59":{"start":{"line":149,"column":2},"end":{"line":308,"column":3}},"60":{"start":{"line":150,"column":20},"end":{"line":150,"column":184}},"61":{"start":{"line":151,"column":4},"end":{"line":151,"column":43}},"62":{"start":{"line":151,"column":37},"end":{"line":151,"column":43}},"63":{"start":{"line":153,"column":4},"end":{"line":304,"column":6}},"64":{"start":{"line":305,"column":4},"end":{"line":305,"column":40}},"65":{"start":{"line":307,"column":4},"end":{"line":307,"column":23}}},"fnMap":{"0":{"name":"(anonymous_0)","decl":{"start":{"line":11,"column":27},"end":{"line":11,"column":28}},"loc":{"start":{"line":11,"column":39},"end":{"line":26,"column":1}},"line":11},"1":{"name":"(anonymous_1)","decl":{"start":{"line":28,"column":30},"end":{"line":28,"column":31}},"loc":{"start":{"line":28,"column":42},"end":{"line":43,"column":1}},"line":28},"2":{"name":"(anonymous_2)","decl":{"start":{"line":45,"column":26},"end":{"line":45,"column":27}},"loc":{"start":{"line":45,"column":38},"end":{"line":75,"column":1}},"line":45},"3":{"name":"(anonymous_3)","decl":{"start":{"line":77,"column":30},"end":{"line":77,"column":31}},"loc":{"start":{"line":77,"column":42},"end":{"line":118,"column":1}},"line":77},"4":{"name":"(anonymous_4)","decl":{"start":{"line":120,"column":35},"end":{"line":120,"column":36}},"loc":{"start":{"line":120,"column":47},"end":{"line":145,"column":1}},"line":120},"5":{"name":"(anonymous_5)","decl":{"start":{"line":147,"column":30},"end":{"line":147,"column":31}},"loc":{"start":{"line":147,"column":42},"end":{"line":309,"column":1}},"line":147}},"branchMap":{"0":{"loc":{"start":{"line":15,"column":4},"end":{"line":15,"column":43}},"type":"if","locations":[{"start":{"line":15,"column":4},"end":{"line":15,"column":43}},{"start":{},"end":{}}],"line":15},"1":{"loc":{"start":{"line":32,"column":4},"end":{"line":32,"column":43}},"type":"if","locations":[{"start":{"line":32,"column":4},"end":{"line":32,"column":43}},{"start":{},"end":{}}],"line":32},"2":{"loc":{"start":{"line":49,"column":4},"end":{"line":49,"column":43}},"type":"if","locations":[{"start":{"line":49,"column":4},"end":{"line":49,"column":43}},{"start":{},"end":{}}],"line":49},"3":{"loc":{"start":{"line":81,"column":4},"end":{"line":81,"column":43}},"type":"if","locations":[{"start":{"line":81,"column":4},"end":{"line":81,"column":43}},{"start":{},"end":{}}],"line":81},"4":{"loc":{"start":{"line":124,"column":4},"end":{"line":124,"column":43}},"type":"if","locations":[{"start":{"line":124,"column":4},"end":{"line":124,"column":43}},{"start":{},"end":{}}],"line":124},"5":{"loc":{"start":{"line":151,"column":4},"end":{"line":151,"column":43}},"type":"if","locations":[{"start":{"line":151,"column":4},"end":{"line":151,"column":43}},{"start":{},"end":{}}],"line":151}},"s":{"0":1,"1":1,"2":1,"3":1,"4":0,"5":0,"6":0,"7":0,"8":0,"9":1,"10":1,"11":1,"12":1,"13":0,"14":0,"15":0,"16":0,"17":0,"18":1,"19":1,"20":1,"21":1,"22":0,"23":0,"24":0,"25":0,"26":0,"27":0,"28":0,"29":0,"30":1,"31":1,"32":1,"33":1,"34":0,"35":0,"36":0,"37":0,"38":0,"39":0,"40":0,"41":0,"42":0,"43":0,"44":0,"45":0,"46":0,"47":0,"48":1,"49":1,"50":1,"51":1,"52":0,"53":0,"54":0,"55":0,"56":0,"57":1,"58":1,"59":1,"60":1,"61":0,"62":0,"63":0,"64":0,"65":0},"f":{"0":1,"1":1,"2":1,"3":1,"4":1,"5":1},"b":{"0":[0,0],"1":[0,0],"2":[0,0],"3":[0,0],"4":[0,0],"5":[0,0]},"_coverageSchema":"1a1c01bbd47fc00a2c39e90264f33305004495a9","hash":"7750ed9d67045622e621014961e4376fa696d2bf"}
,"C:\\Users\\Yeimy_Gabriela\\Desktop\\Pruebas\\servidor\\src\\utils\\logger.js": {"path":"C:\\Users\\Yeimy_Gabriela\\Desktop\\Pruebas\\servidor\\src\\utils\\logger.js","statementMap":{"0":{"start":{"line":1,"column":20},"end":{"line":3,"column":1}},"1":{"start":{"line":2,"column":2},"end":{"line":2,"column":24}},"2":{"start":{"line":5,"column":21},"end":{"line":7,"column":1}},"3":{"start":{"line":6,"column":2},"end":{"line":6,"column":26}}},"fnMap":{"0":{"name":"(anonymous_0)","decl":{"start":{"line":1,"column":20},"end":{"line":1,"column":21}},"loc":{"start":{"line":1,"column":35},"end":{"line":3,"column":1}},"line":1},"1":{"name":"(anonymous_1)","decl":{"start":{"line":5,"column":21},"end":{"line":5,"column":22}},"loc":{"start":{"line":5,"column":36},"end":{"line":7,"column":1}},"line":5}},"branchMap":{},"s":{"0":1,"1":0,"2":1,"3":0},"f":{"0":0,"1":0},"b":{},"_coverageSchema":"1a1c01bbd47fc00a2c39e90264f33305004495a9","hash":"97816340ffa7fc46839f07a1ca9bbf47bbdf31e5"}
,"C:\\Users\\Yeimy_Gabriela\\Desktop\\Pruebas\\servidor\\src\\utils\\middleware.js": {"path":"C:\\Users\\Yeimy_Gabriela\\Desktop\\Pruebas\\servidor\\src\\utils\\middleware.js","statementMap":{"0":{"start":{"line":3,"column":29},"end":{"line":9,"column":1}},"1":{"start":{"line":4,"column":2},"end":{"line":4,"column":40}},"2":{"start":{"line":5,"column":2},"end":{"line":5,"column":38}},"3":{"start":{"line":6,"column":2},"end":{"line":6,"column":38}},"4":{"start":{"line":7,"column":2},"end":{"line":7,"column":20}},"5":{"start":{"line":8,"column":2},"end":{"line":8,"column":8}},"6":{"start":{"line":11,"column":31},"end":{"line":13,"column":1}},"7":{"start":{"line":12,"column":2},"end":{"line":12,"column":58}},"8":{"start":{"line":15,"column":28},"end":{"line":25,"column":1}},"9":{"start":{"line":16,"column":2},"end":{"line":16,"column":29}},"10":{"start":{"line":18,"column":2},"end":{"line":22,"column":3}},"11":{"start":{"line":19,"column":4},"end":{"line":19,"column":66}},"12":{"start":{"line":20,"column":9},"end":{"line":22,"column":3}},"13":{"start":{"line":21,"column":4},"end":{"line":21,"column":62}},"14":{"start":{"line":24,"column":2},"end":{"line":24,"column":13}}},"fnMap":{"0":{"name":"(anonymous_0)","decl":{"start":{"line":3,"column":29},"end":{"line":3,"column":30}},"loc":{"start":{"line":3,"column":59},"end":{"line":9,"column":1}},"line":3},"1":{"name":"(anonymous_1)","decl":{"start":{"line":11,"column":31},"end":{"line":11,"column":32}},"loc":{"start":{"line":11,"column":55},"end":{"line":13,"column":1}},"line":11},"2":{"name":"(anonymous_2)","decl":{"start":{"line":15,"column":28},"end":{"line":15,"column":29}},"loc":{"start":{"line":15,"column":65},"end":{"line":25,"column":1}},"line":15}},"branchMap":{"0":{"loc":{"start":{"line":18,"column":2},"end":{"line":22,"column":3}},"type":"if","locations":[{"start":{"line":18,"column":2},"end":{"line":22,"column":3}},{"start":{"line":20,"column":9},"end":{"line":22,"column":3}}],"line":18},"1":{"loc":{"start":{"line":20,"column":9},"end":{"line":22,"column":3}},"type":"if","locations":[{"start":{"line":20,"column":9},"end":{"line":22,"column":3}},{"start":{},"end":{}}],"line":20}},"s":{"0":1,"1":0,"2":0,"3":0,"4":0,"5":0,"6":1,"7":0,"8":1,"9":0,"10":0,"11":0,"12":0,"13":0,"14":0},"f":{"0":0,"1":0,"2":0},"b":{"0":[0,0],"1":[0,0]},"_coverageSchema":"1a1c01bbd47fc00a2c39e90264f33305004495a9","hash":"310b46ee39ca749f9e3d6f24aa7fe71513d3d6ff"}
,"C:\\Users\\Yeimy_Gabriela\\Desktop\\Pruebas\\servidor\\src\\utils\\multer.js": {"path":"C:\\Users\\Yeimy_Gabriela\\Desktop\\Pruebas\\servidor\\src\\utils\\multer.js","statementMap":{"0":{"start":{"line":5,"column":16},"end":{"line":10,"column":2}},"1":{"start":{"line":8,"column":4},"end":{"line":8,"column":56}}},"fnMap":{"0":{"name":"(anonymous_0)","decl":{"start":{"line":7,"column":12},"end":{"line":7,"column":13}},"loc":{"start":{"line":7,"column":31},"end":{"line":9,"column":3}},"line":7}},"branchMap":{},"s":{"0":1,"1":0},"f":{"0":0},"b":{},"_coverageSchema":"1a1c01bbd47fc00a2c39e90264f33305004495a9","hash":"59f74e5af748e0fac749173b9676d587cd7c1d7e"}
}
